<?xml version="1.0" encoding="UTF-8"?>
<TestRun id="88b3b67f-568e-4024-9669-7ca4c601c0a5" name="maurice.verheijen@INZ09PC016 2009-05-11 15:13:25" runUser="PROLIFICXNZ\maurice.verheijen" xmlns="http://microsoft.com/schemas/VisualStudio/TeamTest/2006">
  <TestRunConfiguration name="Default Run Configuration" id="4466b1cd-5943-4374-8fc8-96565a7fb558">
    <Deployment runDeploymentRoot="C:\Workspace\Imarda360.Infrastructure\Services\Configuration\TestResults\maurice.verheijen_INZ09PC016 2009-05-11 15_13_25">
      <DeploymentItem filename="C:\Workspace\Imarda360.Infrastructure\Services\Configuration\ConfigManagement\bin\Debug\ConfigManagement.dll" />
    </Deployment>
    <Hosts skipUnhostableTests="false" />
    <TestTypeSpecific />
  </TestRunConfiguration>
  <ResultSummary outcome="Completed">
    <Counters total="18" executed="18" passed="18" error="0" failed="0" timeout="0" aborted="0" inconclusive="0" passedButRunAborted="0" notRunnable="0" notExecuted="0" disconnected="0" warning="0" completed="0" inProgress="0" pending="0" />
  </ResultSummary>
  <Times creation="2009-05-11T15:13:25.9025906+12:00" queuing="2009-05-11T15:13:26.8556973+12:00" start="2009-05-11T15:13:26.9963196+12:00" finish="2009-05-11T15:13:27.5900582+12:00" />
  <TestDefinitions>
    <UnitTest name="UsageExample_Text" storage="c:\workspace\imarda360.infrastructure\services\configuration\testproject1\bin\debug\testproject1.dll" id="f02b29eb-e632-3520-81e3-e7b795f31e46">
      <Css projectStructure="" iteration="" />
      <Owners>
        <Owner name="" />
      </Owners>
      <Execution id="225fb358-7be3-48ed-b613-f2ef00fc9594" />
      <TestMethod codeBase="C:\Workspace\Imarda360.Infrastructure\Services\Configuration\TestProject1\bin\Debug\TestProject1.dll" adapterTypeName="Microsoft.VisualStudio.TestTools.TestTypes.Unit.UnitTestAdapter, Microsoft.VisualStudio.QualityTools.Tips.UnitTest.Adapter, Version=9.0.0.0, Culture=neutral, PublicKeyToken=b03f5f7f11d50a3a" className="TestProject1.UnitTest1, TestProject1" name="UsageExample_Text" />
    </UnitTest>
    <UnitTest name="ConfigItemsTextAppend" storage="c:\workspace\imarda360.infrastructure\services\configuration\testproject1\bin\debug\testproject1.dll" id="47e79bdb-c614-496a-9545-4641cb34d196">
      <Css projectStructure="" iteration="" />
      <Owners>
        <Owner name="" />
      </Owners>
      <Execution id="2f50b1ef-eb52-46eb-8c32-d1d9bb5a11f3" />
      <TestMethod codeBase="C:\Workspace\Imarda360.Infrastructure\Services\Configuration\TestProject1\bin\Debug\TestProject1.dll" adapterTypeName="Microsoft.VisualStudio.TestTools.TestTypes.Unit.UnitTestAdapter, Microsoft.VisualStudio.QualityTools.Tips.UnitTest.Adapter, Version=9.0.0.0, Culture=neutral, PublicKeyToken=b03f5f7f11d50a3a" className="TestProject1.UnitTest1, TestProject1" name="ConfigItemsTextAppend" />
    </UnitTest>
    <UnitTest name="ConfigItemsNumbers" storage="c:\workspace\imarda360.infrastructure\services\configuration\testproject1\bin\debug\testproject1.dll" id="4c731372-d1bd-12f4-338e-86c1720fc545">
      <Css projectStructure="" iteration="" />
      <Owners>
        <Owner name="" />
      </Owners>
      <Execution id="a6897944-9e25-4216-957d-efac6362a996" />
      <TestMethod codeBase="C:\Workspace\Imarda360.Infrastructure\Services\Configuration\TestProject1\bin\Debug\TestProject1.dll" adapterTypeName="Microsoft.VisualStudio.TestTools.TestTypes.Unit.UnitTestAdapter, Microsoft.VisualStudio.QualityTools.Tips.UnitTest.Adapter, Version=9.0.0.0, Culture=neutral, PublicKeyToken=b03f5f7f11d50a3a" className="TestProject1.UnitTest1, TestProject1" name="ConfigItemsNumbers" />
    </UnitTest>
    <UnitTest name="ConfigItemsResolve" storage="c:\workspace\imarda360.infrastructure\services\configuration\testproject1\bin\debug\testproject1.dll" id="d28fd9ae-89de-2393-cb2e-0d7265a89b30">
      <Css projectStructure="" iteration="" />
      <Owners>
        <Owner name="" />
      </Owners>
      <Execution id="ce1f37c5-ffb4-4284-9283-130f59976996" />
      <TestMethod codeBase="C:\Workspace\Imarda360.Infrastructure\Services\Configuration\TestProject1\bin\Debug\TestProject1.dll" adapterTypeName="Microsoft.VisualStudio.TestTools.TestTypes.Unit.UnitTestAdapter, Microsoft.VisualStudio.QualityTools.Tips.UnitTest.Adapter, Version=9.0.0.0, Culture=neutral, PublicKeyToken=b03f5f7f11d50a3a" className="TestProject1.UnitTest1, TestProject1" name="ConfigItemsResolve" />
    </UnitTest>
    <UnitTest name="ConfigItemSingularPluralText" storage="c:\workspace\imarda360.infrastructure\services\configuration\testproject1\bin\debug\testproject1.dll" id="130ed5c4-bdcb-2646-4ab1-f47320e5bed6">
      <Css projectStructure="" iteration="" />
      <Owners>
        <Owner name="" />
      </Owners>
      <Execution id="c374959b-648a-4cf2-bba0-cfc9e8b7f90b" />
      <TestMethod codeBase="C:\Workspace\Imarda360.Infrastructure\Services\Configuration\TestProject1\bin\Debug\TestProject1.dll" adapterTypeName="Microsoft.VisualStudio.TestTools.TestTypes.Unit.UnitTestAdapter, Microsoft.VisualStudio.QualityTools.Tips.UnitTest.Adapter, Version=9.0.0.0, Culture=neutral, PublicKeyToken=b03f5f7f11d50a3a" className="TestProject1.UnitTest1, TestProject1" name="ConfigItemSingularPluralText" />
    </UnitTest>
    <UnitTest name="InsertTest" storage="c:\workspace\imarda360.infrastructure\services\configuration\testproject1\bin\debug\testproject1.dll" id="3ca40dbe-a2dd-f2d5-4b54-ac7247f1c9fd">
      <Css projectStructure="" iteration="" />
      <Owners>
        <Owner name="" />
      </Owners>
      <Execution id="be6082ec-81d8-444f-adc6-4c2cd93e8ef9" />
      <TestMethod codeBase="C:\Workspace\Imarda360.Infrastructure\Services\Configuration\TestProject1\bin\Debug\TestProject1.dll" adapterTypeName="Microsoft.VisualStudio.TestTools.TestTypes.Unit.UnitTestAdapter, Microsoft.VisualStudio.QualityTools.Tips.UnitTest.Adapter, Version=9.0.0.0, Culture=neutral, PublicKeyToken=b03f5f7f11d50a3a" className="TestProject1.CfgColorTest, TestProject1" name="InsertTest" />
    </UnitTest>
    <UnitTest name="GetColorComponentFTest" storage="c:\workspace\imarda360.infrastructure\services\configuration\testproject1\bin\debug\testproject1.dll" id="5dc6a1e5-96eb-78e9-a1c3-5fa2c6ff4faa">
      <Css projectStructure="" iteration="" />
      <Owners>
        <Owner name="" />
      </Owners>
      <DeploymentItems>
        <DeploymentItem filename="ConfigManagement.dll" />
      </DeploymentItems>
      <Execution id="e09f4c7e-6f25-4bc8-8c5f-877d40d926e4" />
      <TestMethod codeBase="C:\Workspace\Imarda360.Infrastructure\Services\Configuration\TestProject1\bin\Debug\TestProject1.dll" adapterTypeName="Microsoft.VisualStudio.TestTools.TestTypes.Unit.UnitTestAdapter, Microsoft.VisualStudio.QualityTools.Tips.UnitTest.Adapter, Version=9.0.0.0, Culture=neutral, PublicKeyToken=b03f5f7f11d50a3a" className="TestProject1.CfgColorTest, TestProject1" name="GetColorComponentFTest" />
    </UnitTest>
    <UnitTest name="ToStringTest" storage="c:\workspace\imarda360.infrastructure\services\configuration\testproject1\bin\debug\testproject1.dll" id="0911b782-ccd6-ccaf-4095-e6ebd8e40b0b">
      <Css projectStructure="" iteration="" />
      <Owners>
        <Owner name="" />
      </Owners>
      <Execution id="d7ff2f1d-c0ee-4234-abff-6e7947e05822" />
      <TestMethod codeBase="C:\Workspace\Imarda360.Infrastructure\Services\Configuration\TestProject1\bin\Debug\TestProject1.dll" adapterTypeName="Microsoft.VisualStudio.TestTools.TestTypes.Unit.UnitTestAdapter, Microsoft.VisualStudio.QualityTools.Tips.UnitTest.Adapter, Version=9.0.0.0, Culture=neutral, PublicKeyToken=b03f5f7f11d50a3a" className="TestProject1.CfgColorTest, TestProject1" name="ToStringTest" />
    </UnitTest>
    <UnitTest name="InitializeTest" storage="c:\workspace\imarda360.infrastructure\services\configuration\testproject1\bin\debug\testproject1.dll" id="f45bd8e0-1eef-0282-1590-cf619cb2f01a">
      <Css projectStructure="" iteration="" />
      <Owners>
        <Owner name="" />
      </Owners>
      <Execution id="d2a5e803-06e8-4a20-9492-da7335108556" />
      <TestMethod codeBase="C:\Workspace\Imarda360.Infrastructure\Services\Configuration\TestProject1\bin\Debug\TestProject1.dll" adapterTypeName="Microsoft.VisualStudio.TestTools.TestTypes.Unit.UnitTestAdapter, Microsoft.VisualStudio.QualityTools.Tips.UnitTest.Adapter, Version=9.0.0.0, Culture=neutral, PublicKeyToken=b03f5f7f11d50a3a" className="TestProject1.CfgColorTest, TestProject1" name="InitializeTest" />
    </UnitTest>
    <UnitTest name="Populate" storage="c:\workspace\imarda360.infrastructure\services\configuration\testproject1\bin\debug\testproject1.dll" id="39191eb9-379c-e194-ed57-d42c656bd2c8">
      <Css projectStructure="" iteration="" />
      <Owners>
        <Owner name="" />
      </Owners>
      <Execution id="5ea059b8-d264-4757-a579-e4924bca3dad" />
      <TestMethod codeBase="C:\Workspace\Imarda360.Infrastructure\Services\Configuration\TestProject1\bin\Debug\TestProject1.dll" adapterTypeName="Microsoft.VisualStudio.TestTools.TestTypes.Unit.UnitTestAdapter, Microsoft.VisualStudio.QualityTools.Tips.UnitTest.Adapter, Version=9.0.0.0, Culture=neutral, PublicKeyToken=b03f5f7f11d50a3a" className="TestProject1.UnitTest1, TestProject1" name="Populate" />
    </UnitTest>
    <UnitTest name="TestWrappers" storage="c:\workspace\imarda360.infrastructure\services\configuration\testproject1\bin\debug\testproject1.dll" id="642fef7b-1ed4-a43c-87e4-90ad275f0921">
      <Css projectStructure="" iteration="" />
      <Owners>
        <Owner name="" />
      </Owners>
      <Execution id="e71b3883-e48f-4725-b891-1be4f6c1dcbe" />
      <TestMethod codeBase="C:\Workspace\Imarda360.Infrastructure\Services\Configuration\TestProject1\bin\Debug\TestProject1.dll" adapterTypeName="Microsoft.VisualStudio.TestTools.TestTypes.Unit.UnitTestAdapter, Microsoft.VisualStudio.QualityTools.Tips.UnitTest.Adapter, Version=9.0.0.0, Culture=neutral, PublicKeyToken=b03f5f7f11d50a3a" className="TestProject1.UnitTest1, TestProject1" name="TestWrappers" />
    </UnitTest>
    <UnitTest name="TestColors" storage="c:\workspace\imarda360.infrastructure\services\configuration\testproject1\bin\debug\testproject1.dll" id="338c5d75-7a55-9d61-9454-4c6230f3bd13">
      <Css projectStructure="" iteration="" />
      <Owners>
        <Owner name="" />
      </Owners>
      <Execution id="d04221b6-3fa1-43dd-abd8-4864a24f0745" />
      <TestMethod codeBase="C:\Workspace\Imarda360.Infrastructure\Services\Configuration\TestProject1\bin\Debug\TestProject1.dll" adapterTypeName="Microsoft.VisualStudio.TestTools.TestTypes.Unit.UnitTestAdapter, Microsoft.VisualStudio.QualityTools.Tips.UnitTest.Adapter, Version=9.0.0.0, Culture=neutral, PublicKeyToken=b03f5f7f11d50a3a" className="TestProject1.UnitTest1, TestProject1" name="TestColors" />
    </UnitTest>
    <UnitTest name="UsageExample_PreCalcApplicationParameter" storage="c:\workspace\imarda360.infrastructure\services\configuration\testproject1\bin\debug\testproject1.dll" id="a54def80-f22f-80f0-58ab-307977b2c8f0">
      <Css projectStructure="" iteration="" />
      <Owners>
        <Owner name="" />
      </Owners>
      <Execution id="c53b8d37-fa6a-4105-957d-1cb63e70c329" />
      <TestMethod codeBase="C:\Workspace\Imarda360.Infrastructure\Services\Configuration\TestProject1\bin\Debug\TestProject1.dll" adapterTypeName="Microsoft.VisualStudio.TestTools.TestTypes.Unit.UnitTestAdapter, Microsoft.VisualStudio.QualityTools.Tips.UnitTest.Adapter, Version=9.0.0.0, Culture=neutral, PublicKeyToken=b03f5f7f11d50a3a" className="TestProject1.UnitTest1, TestProject1" name="UsageExample_PreCalcApplicationParameter" />
    </UnitTest>
    <UnitTest name="ConfigItemsTextInsert" storage="c:\workspace\imarda360.infrastructure\services\configuration\testproject1\bin\debug\testproject1.dll" id="474d9544-a5f4-2281-9003-6cc142b83eeb">
      <Css projectStructure="" iteration="" />
      <Owners>
        <Owner name="" />
      </Owners>
      <Execution id="2c517bd5-69fc-4c09-9996-51955c785eb1" />
      <TestMethod codeBase="C:\Workspace\Imarda360.Infrastructure\Services\Configuration\TestProject1\bin\Debug\TestProject1.dll" adapterTypeName="Microsoft.VisualStudio.TestTools.TestTypes.Unit.UnitTestAdapter, Microsoft.VisualStudio.QualityTools.Tips.UnitTest.Adapter, Version=9.0.0.0, Culture=neutral, PublicKeyToken=b03f5f7f11d50a3a" className="TestProject1.UnitTest1, TestProject1" name="ConfigItemsTextInsert" />
    </UnitTest>
    <UnitTest name="ConfigItemsTextIndex" storage="c:\workspace\imarda360.infrastructure\services\configuration\testproject1\bin\debug\testproject1.dll" id="c6bd3257-a3ff-1414-07ed-5ec4a607d301">
      <Css projectStructure="" iteration="" />
      <Owners>
        <Owner name="" />
      </Owners>
      <Execution id="98e6575f-8179-4d0c-8d6f-ba2c6074169a" />
      <TestMethod codeBase="C:\Workspace\Imarda360.Infrastructure\Services\Configuration\TestProject1\bin\Debug\TestProject1.dll" adapterTypeName="Microsoft.VisualStudio.TestTools.TestTypes.Unit.UnitTestAdapter, Microsoft.VisualStudio.QualityTools.Tips.UnitTest.Adapter, Version=9.0.0.0, Culture=neutral, PublicKeyToken=b03f5f7f11d50a3a" className="TestProject1.UnitTest1, TestProject1" name="ConfigItemsTextIndex" />
    </UnitTest>
    <UnitTest name="ResolvingGuids" storage="c:\workspace\imarda360.infrastructure\services\configuration\testproject1\bin\debug\testproject1.dll" id="54a445f0-3491-f747-af69-a4f642bda2a3">
      <Css projectStructure="" iteration="" />
      <Owners>
        <Owner name="" />
      </Owners>
      <Execution id="2bc5e8a3-6546-4bca-92ba-a18c3dd05935" />
      <TestMethod codeBase="C:\Workspace\Imarda360.Infrastructure\Services\Configuration\TestProject1\bin\Debug\TestProject1.dll" adapterTypeName="Microsoft.VisualStudio.TestTools.TestTypes.Unit.UnitTestAdapter, Microsoft.VisualStudio.QualityTools.Tips.UnitTest.Adapter, Version=9.0.0.0, Culture=neutral, PublicKeyToken=b03f5f7f11d50a3a" className="TestProject1.UnitTest1, TestProject1" name="ResolvingGuids" />
    </UnitTest>
    <UnitTest name="Populate2" storage="c:\workspace\imarda360.infrastructure\services\configuration\testproject1\bin\debug\testproject1.dll" id="f9ed410f-44df-8a64-6bde-812531ba3fac">
      <Css projectStructure="" iteration="" />
      <Owners>
        <Owner name="" />
      </Owners>
      <Execution id="682ce84c-2fc8-4351-9b5e-cfbe1f35a50a" />
      <TestMethod codeBase="C:\Workspace\Imarda360.Infrastructure\Services\Configuration\TestProject1\bin\Debug\TestProject1.dll" adapterTypeName="Microsoft.VisualStudio.TestTools.TestTypes.Unit.UnitTestAdapter, Microsoft.VisualStudio.QualityTools.Tips.UnitTest.Adapter, Version=9.0.0.0, Culture=neutral, PublicKeyToken=b03f5f7f11d50a3a" className="TestProject1.UnitTest1, TestProject1" name="Populate2" />
    </UnitTest>
    <UnitTest name="ConfigItemsTextBool" storage="c:\workspace\imarda360.infrastructure\services\configuration\testproject1\bin\debug\testproject1.dll" id="7db256fd-fa67-12ac-e346-24f1a0ebae2b">
      <Css projectStructure="" iteration="" />
      <Owners>
        <Owner name="" />
      </Owners>
      <Execution id="91543e85-4f79-4dbb-bd44-54f0ac2239b9" />
      <TestMethod codeBase="C:\Workspace\Imarda360.Infrastructure\Services\Configuration\TestProject1\bin\Debug\TestProject1.dll" adapterTypeName="Microsoft.VisualStudio.TestTools.TestTypes.Unit.UnitTestAdapter, Microsoft.VisualStudio.QualityTools.Tips.UnitTest.Adapter, Version=9.0.0.0, Culture=neutral, PublicKeyToken=b03f5f7f11d50a3a" className="TestProject1.UnitTest1, TestProject1" name="ConfigItemsTextBool" />
    </UnitTest>
  </TestDefinitions>
  <TestLists>
    <TestList name="Results Not in a List" id="8c84fa94-04c1-424b-9868-57a2d4851a1d" />
    <TestList name="All Loaded Results" id="19431567-8539-422a-85d7-44ee4e166bda" />
  </TestLists>
  <TestEntries>
    <TestEntry testId="0911b782-ccd6-ccaf-4095-e6ebd8e40b0b" executionId="d7ff2f1d-c0ee-4234-abff-6e7947e05822" testListId="8c84fa94-04c1-424b-9868-57a2d4851a1d" />
    <TestEntry testId="3ca40dbe-a2dd-f2d5-4b54-ac7247f1c9fd" executionId="be6082ec-81d8-444f-adc6-4c2cd93e8ef9" testListId="8c84fa94-04c1-424b-9868-57a2d4851a1d" />
    <TestEntry testId="f45bd8e0-1eef-0282-1590-cf619cb2f01a" executionId="d2a5e803-06e8-4a20-9492-da7335108556" testListId="8c84fa94-04c1-424b-9868-57a2d4851a1d" />
    <TestEntry testId="5dc6a1e5-96eb-78e9-a1c3-5fa2c6ff4faa" executionId="e09f4c7e-6f25-4bc8-8c5f-877d40d926e4" testListId="8c84fa94-04c1-424b-9868-57a2d4851a1d" />
    <TestEntry testId="39191eb9-379c-e194-ed57-d42c656bd2c8" executionId="5ea059b8-d264-4757-a579-e4924bca3dad" testListId="8c84fa94-04c1-424b-9868-57a2d4851a1d" />
    <TestEntry testId="f9ed410f-44df-8a64-6bde-812531ba3fac" executionId="682ce84c-2fc8-4351-9b5e-cfbe1f35a50a" testListId="8c84fa94-04c1-424b-9868-57a2d4851a1d" />
    <TestEntry testId="474d9544-a5f4-2281-9003-6cc142b83eeb" executionId="2c517bd5-69fc-4c09-9996-51955c785eb1" testListId="8c84fa94-04c1-424b-9868-57a2d4851a1d" />
    <TestEntry testId="7db256fd-fa67-12ac-e346-24f1a0ebae2b" executionId="91543e85-4f79-4dbb-bd44-54f0ac2239b9" testListId="8c84fa94-04c1-424b-9868-57a2d4851a1d" />
    <TestEntry testId="c6bd3257-a3ff-1414-07ed-5ec4a607d301" executionId="98e6575f-8179-4d0c-8d6f-ba2c6074169a" testListId="8c84fa94-04c1-424b-9868-57a2d4851a1d" />
    <TestEntry testId="130ed5c4-bdcb-2646-4ab1-f47320e5bed6" executionId="c374959b-648a-4cf2-bba0-cfc9e8b7f90b" testListId="8c84fa94-04c1-424b-9868-57a2d4851a1d" />
    <TestEntry testId="47e79bdb-c614-496a-9545-4641cb34d196" executionId="2f50b1ef-eb52-46eb-8c32-d1d9bb5a11f3" testListId="8c84fa94-04c1-424b-9868-57a2d4851a1d" />
    <TestEntry testId="4c731372-d1bd-12f4-338e-86c1720fc545" executionId="a6897944-9e25-4216-957d-efac6362a996" testListId="8c84fa94-04c1-424b-9868-57a2d4851a1d" />
    <TestEntry testId="d28fd9ae-89de-2393-cb2e-0d7265a89b30" executionId="ce1f37c5-ffb4-4284-9283-130f59976996" testListId="8c84fa94-04c1-424b-9868-57a2d4851a1d" />
    <TestEntry testId="f02b29eb-e632-3520-81e3-e7b795f31e46" executionId="225fb358-7be3-48ed-b613-f2ef00fc9594" testListId="8c84fa94-04c1-424b-9868-57a2d4851a1d" />
    <TestEntry testId="a54def80-f22f-80f0-58ab-307977b2c8f0" executionId="c53b8d37-fa6a-4105-957d-1cb63e70c329" testListId="8c84fa94-04c1-424b-9868-57a2d4851a1d" />
    <TestEntry testId="54a445f0-3491-f747-af69-a4f642bda2a3" executionId="2bc5e8a3-6546-4bca-92ba-a18c3dd05935" testListId="8c84fa94-04c1-424b-9868-57a2d4851a1d" />
    <TestEntry testId="338c5d75-7a55-9d61-9454-4c6230f3bd13" executionId="d04221b6-3fa1-43dd-abd8-4864a24f0745" testListId="8c84fa94-04c1-424b-9868-57a2d4851a1d" />
    <TestEntry testId="642fef7b-1ed4-a43c-87e4-90ad275f0921" executionId="e71b3883-e48f-4725-b891-1be4f6c1dcbe" testListId="8c84fa94-04c1-424b-9868-57a2d4851a1d" />
  </TestEntries>
  <Results>
    <UnitTestResult executionId="d7ff2f1d-c0ee-4234-abff-6e7947e05822" testId="0911b782-ccd6-ccaf-4095-e6ebd8e40b0b" testName="ToStringTest" computerName="INZ09PC016" duration="00:00:00.0186454" startTime="2009-05-11T15:13:27.0588184+12:00" endTime="2009-05-11T15:13:27.3088136+12:00" testType="13cdc9d9-ddb5-4fa4-a97d-d965ccfc6d4b" outcome="Passed" testListId="8c84fa94-04c1-424b-9868-57a2d4851a1d">
      <Output>
      </Output>
    </UnitTestResult>
    <UnitTestResult executionId="be6082ec-81d8-444f-adc6-4c2cd93e8ef9" testId="3ca40dbe-a2dd-f2d5-4b54-ac7247f1c9fd" testName="InsertTest" computerName="INZ09PC016" duration="00:00:00.0039120" startTime="2009-05-11T15:13:27.3088136+12:00" endTime="2009-05-11T15:13:27.3244383+12:00" testType="13cdc9d9-ddb5-4fa4-a97d-d965ccfc6d4b" outcome="Passed" testListId="8c84fa94-04c1-424b-9868-57a2d4851a1d">
      <Output>
      </Output>
    </UnitTestResult>
    <UnitTestResult executionId="d2a5e803-06e8-4a20-9492-da7335108556" testId="f45bd8e0-1eef-0282-1590-cf619cb2f01a" testName="InitializeTest" computerName="INZ09PC016" duration="00:00:00.0215884" startTime="2009-05-11T15:13:27.3244383+12:00" endTime="2009-05-11T15:13:27.3400630+12:00" testType="13cdc9d9-ddb5-4fa4-a97d-d965ccfc6d4b" outcome="Passed" testListId="8c84fa94-04c1-424b-9868-57a2d4851a1d">
      <Output>
      </Output>
    </UnitTestResult>
    <UnitTestResult executionId="e09f4c7e-6f25-4bc8-8c5f-877d40d926e4" testId="5dc6a1e5-96eb-78e9-a1c3-5fa2c6ff4faa" testName="GetColorComponentFTest" computerName="INZ09PC016" duration="00:00:00.0304994" startTime="2009-05-11T15:13:27.3556877+12:00" endTime="2009-05-11T15:13:27.3869371+12:00" testType="13cdc9d9-ddb5-4fa4-a97d-d965ccfc6d4b" outcome="Passed" testListId="8c84fa94-04c1-424b-9868-57a2d4851a1d">
      <Output>
      </Output>
    </UnitTestResult>
    <UnitTestResult executionId="5ea059b8-d264-4757-a579-e4924bca3dad" testId="39191eb9-379c-e194-ed57-d42c656bd2c8" testName="Populate" computerName="INZ09PC016" duration="00:00:00.0090792" startTime="2009-05-11T15:13:27.4025618+12:00" endTime="2009-05-11T15:13:27.4181865+12:00" testType="13cdc9d9-ddb5-4fa4-a97d-d965ccfc6d4b" outcome="Passed" testListId="8c84fa94-04c1-424b-9868-57a2d4851a1d">
      <Output>
      </Output>
    </UnitTestResult>
    <UnitTestResult executionId="682ce84c-2fc8-4351-9b5e-cfbe1f35a50a" testId="f9ed410f-44df-8a64-6bde-812531ba3fac" testName="Populate2" computerName="INZ09PC016" duration="00:00:00.0118739" startTime="2009-05-11T15:13:27.4181865+12:00" endTime="2009-05-11T15:13:27.4338112+12:00" testType="13cdc9d9-ddb5-4fa4-a97d-d965ccfc6d4b" outcome="Passed" testListId="8c84fa94-04c1-424b-9868-57a2d4851a1d">
      <Output>
        <DebugTrace>Adding '214fcc47-8274-48f4-a190-84cbe8579d80', Type 'StringLiteral', Version: «Hello World»
Adding '66dc85d3-a779-4414-9857-002da6823924', Type 'StringWithArgs', Version: «String with {0} parameter placeholders»
Adding 'b984895a-78df-4f7a-a08a-4414bd28d64b', Type 'Integer', Version: «2008»
Adding '5beef1c3-ba97-456f-b3e2-f2bd2ba89047', Type 'Decimal', Version: «1.5»
Adding '8b703ba2-a99a-4753-b460-57771eafc1cb', Type 'Real', Version: «3.14159265358979»
Adding 'fc8f6041-ec79-4adb-895e-f587736bb985', Type 'Bool', Version: «1»
Adding '03af1283-c0a6-40e0-9243-7152ed3c6983', Type 'Xml', Version: «&lt;Hello&gt;Test&lt;/Hello&gt;»
</DebugTrace>
      </Output>
    </UnitTestResult>
    <UnitTestResult executionId="2c517bd5-69fc-4c09-9996-51955c785eb1" testId="474d9544-a5f4-2281-9003-6cc142b83eeb" testName="ConfigItemsTextInsert" computerName="INZ09PC016" duration="00:00:00.0012241" startTime="2009-05-11T15:13:27.4338112+12:00" endTime="2009-05-11T15:13:27.4338112+12:00" testType="13cdc9d9-ddb5-4fa4-a97d-d965ccfc6d4b" outcome="Passed" testListId="8c84fa94-04c1-424b-9868-57a2d4851a1d">
      <Output>
      </Output>
    </UnitTestResult>
    <UnitTestResult executionId="91543e85-4f79-4dbb-bd44-54f0ac2239b9" testId="7db256fd-fa67-12ac-e346-24f1a0ebae2b" testName="ConfigItemsTextBool" computerName="INZ09PC016" duration="00:00:00.0020866" startTime="2009-05-11T15:13:27.4338112+12:00" endTime="2009-05-11T15:13:27.4494359+12:00" testType="13cdc9d9-ddb5-4fa4-a97d-d965ccfc6d4b" outcome="Passed" testListId="8c84fa94-04c1-424b-9868-57a2d4851a1d">
      <Output>
      </Output>
    </UnitTestResult>
    <UnitTestResult executionId="98e6575f-8179-4d0c-8d6f-ba2c6074169a" testId="c6bd3257-a3ff-1414-07ed-5ec4a607d301" testName="ConfigItemsTextIndex" computerName="INZ09PC016" duration="00:00:00.0042095" startTime="2009-05-11T15:13:27.4494359+12:00" endTime="2009-05-11T15:13:27.4494359+12:00" testType="13cdc9d9-ddb5-4fa4-a97d-d965ccfc6d4b" outcome="Passed" testListId="8c84fa94-04c1-424b-9868-57a2d4851a1d">
      <Output>
        <DebugTrace>Say #{no|yes|maybe|sometimes} if you #{don't ||could |sometimes }agree.
Say #{no|yes|maybe|sometimes} if you #{don't ||could |sometimes }agree.
Say #{no|yes|maybe|sometimes} if you #{don't ||could |sometimes }agree.
Say #{no|yes|maybe|sometimes} if you #{don't ||could |sometimes }agree.
Say #{no|yes|maybe|sometimes} if you #{don't ||could |sometimes }agree.
Say #{no|yes|maybe|sometimes} if you #{don't ||could |sometimes }agree.
Say #{no|yes|maybe|sometimes} if you #{don't ||could |sometimes }agree.
Say #{no|yes|maybe|sometimes} if you #{don't ||could |sometimes }agree.
Say #{no|yes|maybe|sometimes} if you #{don't ||could |sometimes }agree.
Say #{no|yes|maybe|sometimes} if you #{don't ||could |sometimes }agree.
Say #{no|yes|maybe|sometimes} if you #{don't ||could |sometimes }agree.
Say #{no|yes|maybe|sometimes} if you #{don't ||could |sometimes }agree.
</DebugTrace>
      </Output>
    </UnitTestResult>
    <UnitTestResult executionId="c374959b-648a-4cf2-bba0-cfc9e8b7f90b" testId="130ed5c4-bdcb-2646-4ab1-f47320e5bed6" testName="ConfigItemSingularPluralText" computerName="INZ09PC016" duration="00:00:00.0019216" startTime="2009-05-11T15:13:27.4650606+12:00" endTime="2009-05-11T15:13:27.4650606+12:00" testType="13cdc9d9-ddb5-4fa4-a97d-d965ccfc6d4b" outcome="Passed" testListId="8c84fa94-04c1-424b-9868-57a2d4851a1d">
      <Output>
        <DebugTrace>There #{is|are} #{} item#{|s}.
There #{is|are} #{} item#{|s}.
There #{is|are} #{} item#{|s}.
There #{is|are} #{} item#{|s}.
There #{is|are} #{} item#{|s}.
There #{is|are} #{} item#{|s}.
</DebugTrace>
      </Output>
    </UnitTestResult>
    <UnitTestResult executionId="2f50b1ef-eb52-46eb-8c32-d1d9bb5a11f3" testId="47e79bdb-c614-496a-9545-4641cb34d196" testName="ConfigItemsTextAppend" computerName="INZ09PC016" duration="00:00:00.0002545" startTime="2009-05-11T15:13:27.4650606+12:00" endTime="2009-05-11T15:13:27.4650606+12:00" testType="13cdc9d9-ddb5-4fa4-a97d-d965ccfc6d4b" outcome="Passed" testListId="8c84fa94-04c1-424b-9868-57a2d4851a1d">
      <Output>
      </Output>
    </UnitTestResult>
    <UnitTestResult executionId="a6897944-9e25-4216-957d-efac6362a996" testId="4c731372-d1bd-12f4-338e-86c1720fc545" testName="ConfigItemsNumbers" computerName="INZ09PC016" duration="00:00:00.0012799" startTime="2009-05-11T15:13:27.4806853+12:00" endTime="2009-05-11T15:13:27.4806853+12:00" testType="13cdc9d9-ddb5-4fa4-a97d-d965ccfc6d4b" outcome="Passed" testListId="8c84fa94-04c1-424b-9868-57a2d4851a1d">
      <Output>
      </Output>
    </UnitTestResult>
    <UnitTestResult executionId="ce1f37c5-ffb4-4284-9283-130f59976996" testId="d28fd9ae-89de-2393-cb2e-0d7265a89b30" testName="ConfigItemsResolve" computerName="INZ09PC016" duration="00:00:00.0013396" startTime="2009-05-11T15:13:27.4806853+12:00" endTime="2009-05-11T15:13:27.4806853+12:00" testType="13cdc9d9-ddb5-4fa4-a97d-d965ccfc6d4b" outcome="Passed" testListId="8c84fa94-04c1-424b-9868-57a2d4851a1d">
      <Output>
      </Output>
    </UnitTestResult>
    <UnitTestResult executionId="225fb358-7be3-48ed-b613-f2ef00fc9594" testId="f02b29eb-e632-3520-81e3-e7b795f31e46" testName="UsageExample_Text" computerName="INZ09PC016" duration="00:00:00.0007418" startTime="2009-05-11T15:13:27.4806853+12:00" endTime="2009-05-11T15:13:27.4963100+12:00" testType="13cdc9d9-ddb5-4fa4-a97d-d965ccfc6d4b" outcome="Passed" testListId="8c84fa94-04c1-424b-9868-57a2d4851a1d">
      <Output>
      </Output>
    </UnitTestResult>
    <UnitTestResult executionId="c53b8d37-fa6a-4105-957d-1cb63e70c329" testId="a54def80-f22f-80f0-58ab-307977b2c8f0" testName="UsageExample_PreCalcApplicationParameter" computerName="INZ09PC016" duration="00:00:00.0009054" startTime="2009-05-11T15:13:27.4963100+12:00" endTime="2009-05-11T15:13:27.4963100+12:00" testType="13cdc9d9-ddb5-4fa4-a97d-d965ccfc6d4b" outcome="Passed" testListId="8c84fa94-04c1-424b-9868-57a2d4851a1d">
      <Output>
        <DebugTrace>#{|every day}
</DebugTrace>
      </Output>
    </UnitTestResult>
    <UnitTestResult executionId="2bc5e8a3-6546-4bca-92ba-a18c3dd05935" testId="54a445f0-3491-f747-af69-a4f642bda2a3" testName="ResolvingGuids" computerName="INZ09PC016" duration="00:00:00.0048988" startTime="2009-05-11T15:13:27.4963100+12:00" endTime="2009-05-11T15:13:27.5119347+12:00" testType="13cdc9d9-ddb5-4fa4-a97d-d965ccfc6d4b" outcome="Passed" testListId="8c84fa94-04c1-424b-9868-57a2d4851a1d">
      <Output>
        <DebugTrace>#{by value|This is by reference: Third level}
</DebugTrace>
      </Output>
    </UnitTestResult>
    <UnitTestResult executionId="d04221b6-3fa1-43dd-abd8-4864a24f0745" testId="338c5d75-7a55-9d61-9454-4c6230f3bd13" testName="TestColors" computerName="INZ09PC016" duration="00:00:00.0010472" startTime="2009-05-11T15:13:27.5119347+12:00" endTime="2009-05-11T15:13:27.5119347+12:00" testType="13cdc9d9-ddb5-4fa4-a97d-d965ccfc6d4b" outcome="Passed" testListId="8c84fa94-04c1-424b-9868-57a2d4851a1d">
      <Output>
      </Output>
    </UnitTestResult>
    <UnitTestResult executionId="e71b3883-e48f-4725-b891-1be4f6c1dcbe" testId="642fef7b-1ed4-a43c-87e4-90ad275f0921" testName="TestWrappers" computerName="INZ09PC016" duration="00:00:00.0023739" startTime="2009-05-11T15:13:27.5119347+12:00" endTime="2009-05-11T15:13:27.5275594+12:00" testType="13cdc9d9-ddb5-4fa4-a97d-d965ccfc6d4b" outcome="Passed" testListId="8c84fa94-04c1-424b-9868-57a2d4851a1d">
      <Output>
      </Output>
    </UnitTestResult>
  </Results>
</TestRun>