<?xml version="1.0" encoding="UTF-8"?>
<TestRun id="2bef9c2f-63d8-4c7f-9607-08576443d297" name="maurice.verheijen@INZ09PC016 2009-05-11 13:59:15" runUser="PROLIFICXNZ\maurice.verheijen" xmlns="http://microsoft.com/schemas/VisualStudio/TeamTest/2006">
  <TestRunConfiguration name="Default Run Configuration" id="9295bb34-f205-4b02-9325-2ef7784234fc">
    <Deployment runDeploymentRoot="C:\Workspace\Imarda360.Infrastructure\Services\Configuration\TestResults\maurice.verheijen_INZ09PC016 2009-05-11 13_59_15">
      <DeploymentItem filename="C:\Workspace\Imarda360.Infrastructure\Services\Configuration\ConfigManagement\bin\Debug\ConfigManagement.dll" />
    </Deployment>
    <Hosts skipUnhostableTests="false" />
    <TestTypeSpecific />
  </TestRunConfiguration>
  <ResultSummary outcome="Error">
    <Counters total="18" executed="7" passed="6" error="0" failed="0" timeout="0" aborted="1" inconclusive="0" passedButRunAborted="0" notRunnable="0" notExecuted="11" disconnected="0" warning="0" completed="0" inProgress="0" pending="0" />
    <RunInfos>
      <RunInfo computerName="INZ09PC016" outcome="Error" timestamp="2009-05-11T13:59:26.5920580+12:00">
        <Text>Test host process exited unexpectedly.</Text>
      </RunInfo>
    </RunInfos>
  </ResultSummary>
  <Times creation="2009-05-11T13:59:15.9826151+12:00" queuing="2009-05-11T13:59:17.0451219+12:00" start="2009-05-11T13:59:17.1857478+12:00" finish="2009-05-11T13:59:26.5920580+12:00" />
  <TestDefinitions>
    <UnitTest name="UsageExample_Text" storage="c:\workspace\imarda360.infrastructure\services\configuration\testproject1\bin\debug\testproject1.dll" id="f02b29eb-e632-3520-81e3-e7b795f31e46">
      <Css projectStructure="" iteration="" />
      <Owners>
        <Owner name="" />
      </Owners>
      <TestMethod codeBase="C:\Workspace\Imarda360.Infrastructure\Services\Configuration\TestProject1\bin\Debug\TestProject1.dll" adapterTypeName="Microsoft.VisualStudio.TestTools.TestTypes.Unit.UnitTestAdapter, Microsoft.VisualStudio.QualityTools.Tips.UnitTest.Adapter, Version=9.0.0.0, Culture=neutral, PublicKeyToken=b03f5f7f11d50a3a" className="TestProject1.UnitTest1, TestProject1" name="UsageExample_Text" />
    </UnitTest>
    <UnitTest name="ConfigItemsTextAppend" storage="c:\workspace\imarda360.infrastructure\services\configuration\testproject1\bin\debug\testproject1.dll" id="47e79bdb-c614-496a-9545-4641cb34d196">
      <Css projectStructure="" iteration="" />
      <Owners>
        <Owner name="" />
      </Owners>
      <TestMethod codeBase="C:\Workspace\Imarda360.Infrastructure\Services\Configuration\TestProject1\bin\Debug\TestProject1.dll" adapterTypeName="Microsoft.VisualStudio.TestTools.TestTypes.Unit.UnitTestAdapter, Microsoft.VisualStudio.QualityTools.Tips.UnitTest.Adapter, Version=9.0.0.0, Culture=neutral, PublicKeyToken=b03f5f7f11d50a3a" className="TestProject1.UnitTest1, TestProject1" name="ConfigItemsTextAppend" />
    </UnitTest>
    <UnitTest name="ConfigItemsNumbers" storage="c:\workspace\imarda360.infrastructure\services\configuration\testproject1\bin\debug\testproject1.dll" id="4c731372-d1bd-12f4-338e-86c1720fc545">
      <Css projectStructure="" iteration="" />
      <Owners>
        <Owner name="" />
      </Owners>
      <TestMethod codeBase="C:\Workspace\Imarda360.Infrastructure\Services\Configuration\TestProject1\bin\Debug\TestProject1.dll" adapterTypeName="Microsoft.VisualStudio.TestTools.TestTypes.Unit.UnitTestAdapter, Microsoft.VisualStudio.QualityTools.Tips.UnitTest.Adapter, Version=9.0.0.0, Culture=neutral, PublicKeyToken=b03f5f7f11d50a3a" className="TestProject1.UnitTest1, TestProject1" name="ConfigItemsNumbers" />
    </UnitTest>
    <UnitTest name="ConfigItemsResolve" storage="c:\workspace\imarda360.infrastructure\services\configuration\testproject1\bin\debug\testproject1.dll" id="d28fd9ae-89de-2393-cb2e-0d7265a89b30">
      <Css projectStructure="" iteration="" />
      <Owners>
        <Owner name="" />
      </Owners>
      <TestMethod codeBase="C:\Workspace\Imarda360.Infrastructure\Services\Configuration\TestProject1\bin\Debug\TestProject1.dll" adapterTypeName="Microsoft.VisualStudio.TestTools.TestTypes.Unit.UnitTestAdapter, Microsoft.VisualStudio.QualityTools.Tips.UnitTest.Adapter, Version=9.0.0.0, Culture=neutral, PublicKeyToken=b03f5f7f11d50a3a" className="TestProject1.UnitTest1, TestProject1" name="ConfigItemsResolve" />
    </UnitTest>
    <UnitTest name="ConfigItemSingularPluralText" storage="c:\workspace\imarda360.infrastructure\services\configuration\testproject1\bin\debug\testproject1.dll" id="130ed5c4-bdcb-2646-4ab1-f47320e5bed6">
      <Css projectStructure="" iteration="" />
      <Owners>
        <Owner name="" />
      </Owners>
      <TestMethod codeBase="C:\Workspace\Imarda360.Infrastructure\Services\Configuration\TestProject1\bin\Debug\TestProject1.dll" adapterTypeName="Microsoft.VisualStudio.TestTools.TestTypes.Unit.UnitTestAdapter, Microsoft.VisualStudio.QualityTools.Tips.UnitTest.Adapter, Version=9.0.0.0, Culture=neutral, PublicKeyToken=b03f5f7f11d50a3a" className="TestProject1.UnitTest1, TestProject1" name="ConfigItemSingularPluralText" />
    </UnitTest>
    <UnitTest name="InsertTest" storage="c:\workspace\imarda360.infrastructure\services\configuration\testproject1\bin\debug\testproject1.dll" id="3ca40dbe-a2dd-f2d5-4b54-ac7247f1c9fd">
      <Css projectStructure="" iteration="" />
      <Owners>
        <Owner name="" />
      </Owners>
      <Execution id="5a6176c8-57a3-442c-9b05-896671799a1d" />
      <TestMethod codeBase="C:\Workspace\Imarda360.Infrastructure\Services\Configuration\TestProject1\bin\Debug\TestProject1.dll" adapterTypeName="Microsoft.VisualStudio.TestTools.TestTypes.Unit.UnitTestAdapter, Microsoft.VisualStudio.QualityTools.Tips.UnitTest.Adapter, Version=9.0.0.0, Culture=neutral, PublicKeyToken=b03f5f7f11d50a3a" className="TestProject1.CfgColorTest, TestProject1" name="InsertTest" />
    </UnitTest>
    <UnitTest name="GetColorComponentFTest" storage="c:\workspace\imarda360.infrastructure\services\configuration\testproject1\bin\debug\testproject1.dll" id="5dc6a1e5-96eb-78e9-a1c3-5fa2c6ff4faa">
      <Css projectStructure="" iteration="" />
      <Owners>
        <Owner name="" />
      </Owners>
      <DeploymentItems>
        <DeploymentItem filename="ConfigManagement.dll" />
      </DeploymentItems>
      <Execution id="1a1720c2-b4db-4dea-b3dd-200734d3d651" />
      <TestMethod codeBase="C:\Workspace\Imarda360.Infrastructure\Services\Configuration\TestProject1\bin\Debug\TestProject1.dll" adapterTypeName="Microsoft.VisualStudio.TestTools.TestTypes.Unit.UnitTestAdapter, Microsoft.VisualStudio.QualityTools.Tips.UnitTest.Adapter, Version=9.0.0.0, Culture=neutral, PublicKeyToken=b03f5f7f11d50a3a" className="TestProject1.CfgColorTest, TestProject1" name="GetColorComponentFTest" />
    </UnitTest>
    <UnitTest name="ToStringTest" storage="c:\workspace\imarda360.infrastructure\services\configuration\testproject1\bin\debug\testproject1.dll" id="0911b782-ccd6-ccaf-4095-e6ebd8e40b0b">
      <Css projectStructure="" iteration="" />
      <Owners>
        <Owner name="" />
      </Owners>
      <Execution id="018b1f30-cf13-4c1d-99a0-7651ce499e9d" />
      <TestMethod codeBase="C:\Workspace\Imarda360.Infrastructure\Services\Configuration\TestProject1\bin\Debug\TestProject1.dll" adapterTypeName="Microsoft.VisualStudio.TestTools.TestTypes.Unit.UnitTestAdapter, Microsoft.VisualStudio.QualityTools.Tips.UnitTest.Adapter, Version=9.0.0.0, Culture=neutral, PublicKeyToken=b03f5f7f11d50a3a" className="TestProject1.CfgColorTest, TestProject1" name="ToStringTest" />
    </UnitTest>
    <UnitTest name="InitializeTest" storage="c:\workspace\imarda360.infrastructure\services\configuration\testproject1\bin\debug\testproject1.dll" id="f45bd8e0-1eef-0282-1590-cf619cb2f01a">
      <Css projectStructure="" iteration="" />
      <Owners>
        <Owner name="" />
      </Owners>
      <Execution id="92c9f74e-36ab-413f-be89-9f32ce42e125" />
      <TestMethod codeBase="C:\Workspace\Imarda360.Infrastructure\Services\Configuration\TestProject1\bin\Debug\TestProject1.dll" adapterTypeName="Microsoft.VisualStudio.TestTools.TestTypes.Unit.UnitTestAdapter, Microsoft.VisualStudio.QualityTools.Tips.UnitTest.Adapter, Version=9.0.0.0, Culture=neutral, PublicKeyToken=b03f5f7f11d50a3a" className="TestProject1.CfgColorTest, TestProject1" name="InitializeTest" />
    </UnitTest>
    <UnitTest name="Populate" storage="c:\workspace\imarda360.infrastructure\services\configuration\testproject1\bin\debug\testproject1.dll" id="39191eb9-379c-e194-ed57-d42c656bd2c8">
      <Css projectStructure="" iteration="" />
      <Owners>
        <Owner name="" />
      </Owners>
      <Execution id="9682336c-87ae-46f5-931d-b74e22ac3401" />
      <TestMethod codeBase="C:\Workspace\Imarda360.Infrastructure\Services\Configuration\TestProject1\bin\Debug\TestProject1.dll" adapterTypeName="Microsoft.VisualStudio.TestTools.TestTypes.Unit.UnitTestAdapter, Microsoft.VisualStudio.QualityTools.Tips.UnitTest.Adapter, Version=9.0.0.0, Culture=neutral, PublicKeyToken=b03f5f7f11d50a3a" className="TestProject1.UnitTest1, TestProject1" name="Populate" />
    </UnitTest>
    <UnitTest name="TestWrappers" storage="c:\workspace\imarda360.infrastructure\services\configuration\testproject1\bin\debug\testproject1.dll" id="642fef7b-1ed4-a43c-87e4-90ad275f0921">
      <Css projectStructure="" iteration="" />
      <Owners>
        <Owner name="" />
      </Owners>
      <TestMethod codeBase="C:\Workspace\Imarda360.Infrastructure\Services\Configuration\TestProject1\bin\Debug\TestProject1.dll" adapterTypeName="Microsoft.VisualStudio.TestTools.TestTypes.Unit.UnitTestAdapter, Microsoft.VisualStudio.QualityTools.Tips.UnitTest.Adapter, Version=9.0.0.0, Culture=neutral, PublicKeyToken=b03f5f7f11d50a3a" className="TestProject1.UnitTest1, TestProject1" name="TestWrappers" />
    </UnitTest>
    <UnitTest name="TestColors" storage="c:\workspace\imarda360.infrastructure\services\configuration\testproject1\bin\debug\testproject1.dll" id="338c5d75-7a55-9d61-9454-4c6230f3bd13">
      <Css projectStructure="" iteration="" />
      <Owners>
        <Owner name="" />
      </Owners>
      <TestMethod codeBase="C:\Workspace\Imarda360.Infrastructure\Services\Configuration\TestProject1\bin\Debug\TestProject1.dll" adapterTypeName="Microsoft.VisualStudio.TestTools.TestTypes.Unit.UnitTestAdapter, Microsoft.VisualStudio.QualityTools.Tips.UnitTest.Adapter, Version=9.0.0.0, Culture=neutral, PublicKeyToken=b03f5f7f11d50a3a" className="TestProject1.UnitTest1, TestProject1" name="TestColors" />
    </UnitTest>
    <UnitTest name="UsageExample_PreCalcApplicationParameter" storage="c:\workspace\imarda360.infrastructure\services\configuration\testproject1\bin\debug\testproject1.dll" id="a54def80-f22f-80f0-58ab-307977b2c8f0">
      <Css projectStructure="" iteration="" />
      <Owners>
        <Owner name="" />
      </Owners>
      <TestMethod codeBase="C:\Workspace\Imarda360.Infrastructure\Services\Configuration\TestProject1\bin\Debug\TestProject1.dll" adapterTypeName="Microsoft.VisualStudio.TestTools.TestTypes.Unit.UnitTestAdapter, Microsoft.VisualStudio.QualityTools.Tips.UnitTest.Adapter, Version=9.0.0.0, Culture=neutral, PublicKeyToken=b03f5f7f11d50a3a" className="TestProject1.UnitTest1, TestProject1" name="UsageExample_PreCalcApplicationParameter" />
    </UnitTest>
    <UnitTest name="ConfigItemsTextInsert" storage="c:\workspace\imarda360.infrastructure\services\configuration\testproject1\bin\debug\testproject1.dll" id="474d9544-a5f4-2281-9003-6cc142b83eeb">
      <Css projectStructure="" iteration="" />
      <Owners>
        <Owner name="" />
      </Owners>
      <TestMethod codeBase="C:\Workspace\Imarda360.Infrastructure\Services\Configuration\TestProject1\bin\Debug\TestProject1.dll" adapterTypeName="Microsoft.VisualStudio.TestTools.TestTypes.Unit.UnitTestAdapter, Microsoft.VisualStudio.QualityTools.Tips.UnitTest.Adapter, Version=9.0.0.0, Culture=neutral, PublicKeyToken=b03f5f7f11d50a3a" className="TestProject1.UnitTest1, TestProject1" name="ConfigItemsTextInsert" />
    </UnitTest>
    <UnitTest name="ConfigItemsTextIndex" storage="c:\workspace\imarda360.infrastructure\services\configuration\testproject1\bin\debug\testproject1.dll" id="c6bd3257-a3ff-1414-07ed-5ec4a607d301">
      <Css projectStructure="" iteration="" />
      <Owners>
        <Owner name="" />
      </Owners>
      <TestMethod codeBase="C:\Workspace\Imarda360.Infrastructure\Services\Configuration\TestProject1\bin\Debug\TestProject1.dll" adapterTypeName="Microsoft.VisualStudio.TestTools.TestTypes.Unit.UnitTestAdapter, Microsoft.VisualStudio.QualityTools.Tips.UnitTest.Adapter, Version=9.0.0.0, Culture=neutral, PublicKeyToken=b03f5f7f11d50a3a" className="TestProject1.UnitTest1, TestProject1" name="ConfigItemsTextIndex" />
    </UnitTest>
    <UnitTest name="ResolvingGuids" storage="c:\workspace\imarda360.infrastructure\services\configuration\testproject1\bin\debug\testproject1.dll" id="54a445f0-3491-f747-af69-a4f642bda2a3">
      <Css projectStructure="" iteration="" />
      <Owners>
        <Owner name="" />
      </Owners>
      <TestMethod codeBase="C:\Workspace\Imarda360.Infrastructure\Services\Configuration\TestProject1\bin\Debug\TestProject1.dll" adapterTypeName="Microsoft.VisualStudio.TestTools.TestTypes.Unit.UnitTestAdapter, Microsoft.VisualStudio.QualityTools.Tips.UnitTest.Adapter, Version=9.0.0.0, Culture=neutral, PublicKeyToken=b03f5f7f11d50a3a" className="TestProject1.UnitTest1, TestProject1" name="ResolvingGuids" />
    </UnitTest>
    <UnitTest name="Populate2" storage="c:\workspace\imarda360.infrastructure\services\configuration\testproject1\bin\debug\testproject1.dll" id="f9ed410f-44df-8a64-6bde-812531ba3fac">
      <Css projectStructure="" iteration="" />
      <Owners>
        <Owner name="" />
      </Owners>
      <Execution id="b004afc2-0498-4d97-9e43-5b85ecee71cf" />
      <TestMethod codeBase="C:\Workspace\Imarda360.Infrastructure\Services\Configuration\TestProject1\bin\Debug\TestProject1.dll" adapterTypeName="Microsoft.VisualStudio.TestTools.TestTypes.Unit.UnitTestAdapter, Microsoft.VisualStudio.QualityTools.Tips.UnitTest.Adapter, Version=9.0.0.0, Culture=neutral, PublicKeyToken=b03f5f7f11d50a3a" className="TestProject1.UnitTest1, TestProject1" name="Populate2" />
    </UnitTest>
    <UnitTest name="ConfigItemsTextBool" storage="c:\workspace\imarda360.infrastructure\services\configuration\testproject1\bin\debug\testproject1.dll" id="7db256fd-fa67-12ac-e346-24f1a0ebae2b">
      <Css projectStructure="" iteration="" />
      <Owners>
        <Owner name="" />
      </Owners>
      <TestMethod codeBase="C:\Workspace\Imarda360.Infrastructure\Services\Configuration\TestProject1\bin\Debug\TestProject1.dll" adapterTypeName="Microsoft.VisualStudio.TestTools.TestTypes.Unit.UnitTestAdapter, Microsoft.VisualStudio.QualityTools.Tips.UnitTest.Adapter, Version=9.0.0.0, Culture=neutral, PublicKeyToken=b03f5f7f11d50a3a" className="TestProject1.UnitTest1, TestProject1" name="ConfigItemsTextBool" />
    </UnitTest>
  </TestDefinitions>
  <TestLists>
    <TestList name="Results Not in a List" id="8c84fa94-04c1-424b-9868-57a2d4851a1d" />
    <TestList name="All Loaded Results" id="19431567-8539-422a-85d7-44ee4e166bda" />
  </TestLists>
  <TestEntries>
    <TestEntry testId="0911b782-ccd6-ccaf-4095-e6ebd8e40b0b" executionId="018b1f30-cf13-4c1d-99a0-7651ce499e9d" testListId="8c84fa94-04c1-424b-9868-57a2d4851a1d" />
    <TestEntry testId="3ca40dbe-a2dd-f2d5-4b54-ac7247f1c9fd" executionId="5a6176c8-57a3-442c-9b05-896671799a1d" testListId="8c84fa94-04c1-424b-9868-57a2d4851a1d" />
    <TestEntry testId="f45bd8e0-1eef-0282-1590-cf619cb2f01a" executionId="92c9f74e-36ab-413f-be89-9f32ce42e125" testListId="8c84fa94-04c1-424b-9868-57a2d4851a1d" />
    <TestEntry testId="5dc6a1e5-96eb-78e9-a1c3-5fa2c6ff4faa" executionId="1a1720c2-b4db-4dea-b3dd-200734d3d651" testListId="8c84fa94-04c1-424b-9868-57a2d4851a1d" />
    <TestEntry testId="39191eb9-379c-e194-ed57-d42c656bd2c8" executionId="9682336c-87ae-46f5-931d-b74e22ac3401" testListId="8c84fa94-04c1-424b-9868-57a2d4851a1d" />
    <TestEntry testId="f9ed410f-44df-8a64-6bde-812531ba3fac" executionId="b004afc2-0498-4d97-9e43-5b85ecee71cf" testListId="8c84fa94-04c1-424b-9868-57a2d4851a1d" />
    <TestEntry testId="474d9544-a5f4-2281-9003-6cc142b83eeb" executionId="a0e2e08e-960e-4708-ade5-fe9d8694ecad" testListId="8c84fa94-04c1-424b-9868-57a2d4851a1d" />
    <TestEntry testId="7db256fd-fa67-12ac-e346-24f1a0ebae2b" executionId="8de80444-8b45-4fc6-aa81-871709eb8def" testListId="8c84fa94-04c1-424b-9868-57a2d4851a1d" />
    <TestEntry testId="c6bd3257-a3ff-1414-07ed-5ec4a607d301" executionId="53985175-4a0b-4ffd-8c2c-6eb88f7beae5" testListId="8c84fa94-04c1-424b-9868-57a2d4851a1d" />
    <TestEntry testId="130ed5c4-bdcb-2646-4ab1-f47320e5bed6" executionId="dcdd2e11-ce02-47aa-84e0-dabff2a5dded" testListId="8c84fa94-04c1-424b-9868-57a2d4851a1d" />
    <TestEntry testId="47e79bdb-c614-496a-9545-4641cb34d196" executionId="60cd2c75-11d6-4662-a091-71e9061dd0bb" testListId="8c84fa94-04c1-424b-9868-57a2d4851a1d" />
    <TestEntry testId="4c731372-d1bd-12f4-338e-86c1720fc545" executionId="98f56d92-47b7-463c-8433-34dfb9efc2f0" testListId="8c84fa94-04c1-424b-9868-57a2d4851a1d" />
    <TestEntry testId="d28fd9ae-89de-2393-cb2e-0d7265a89b30" executionId="a41b9134-3b1f-48a2-8788-d2742adf9517" testListId="8c84fa94-04c1-424b-9868-57a2d4851a1d" />
    <TestEntry testId="f02b29eb-e632-3520-81e3-e7b795f31e46" executionId="3cbcdf05-9a1f-48b1-9c85-d6cc2e00a86b" testListId="8c84fa94-04c1-424b-9868-57a2d4851a1d" />
    <TestEntry testId="a54def80-f22f-80f0-58ab-307977b2c8f0" executionId="305a50ff-ab32-4db5-be30-575032fc763d" testListId="8c84fa94-04c1-424b-9868-57a2d4851a1d" />
    <TestEntry testId="54a445f0-3491-f747-af69-a4f642bda2a3" executionId="ac606d67-8938-49bd-a1c2-edc95d4f45b7" testListId="8c84fa94-04c1-424b-9868-57a2d4851a1d" />
    <TestEntry testId="338c5d75-7a55-9d61-9454-4c6230f3bd13" executionId="a1079896-c67c-49f8-938d-446370e97391" testListId="8c84fa94-04c1-424b-9868-57a2d4851a1d" />
    <TestEntry testId="642fef7b-1ed4-a43c-87e4-90ad275f0921" executionId="b098bdef-fb44-466a-9528-f68e15c0556f" testListId="8c84fa94-04c1-424b-9868-57a2d4851a1d" />
  </TestEntries>
  <Results>
    <UnitTestResult executionId="018b1f30-cf13-4c1d-99a0-7651ce499e9d" testId="0911b782-ccd6-ccaf-4095-e6ebd8e40b0b" testName="ToStringTest" computerName="INZ09PC016" duration="00:00:00.0160059" startTime="2009-05-11T13:59:17.2482482+12:00" endTime="2009-05-11T13:59:17.4982498+12:00" testType="13cdc9d9-ddb5-4fa4-a97d-d965ccfc6d4b" outcome="Passed" testListId="8c84fa94-04c1-424b-9868-57a2d4851a1d">
      <Output>
      </Output>
    </UnitTestResult>
    <UnitTestResult executionId="5a6176c8-57a3-442c-9b05-896671799a1d" testId="3ca40dbe-a2dd-f2d5-4b54-ac7247f1c9fd" testName="InsertTest" computerName="INZ09PC016" duration="00:00:00.0037957" startTime="2009-05-11T13:59:17.4982498+12:00" endTime="2009-05-11T13:59:17.5138749+12:00" testType="13cdc9d9-ddb5-4fa4-a97d-d965ccfc6d4b" outcome="Passed" testListId="8c84fa94-04c1-424b-9868-57a2d4851a1d">
      <Output>
      </Output>
    </UnitTestResult>
    <UnitTestResult executionId="92c9f74e-36ab-413f-be89-9f32ce42e125" testId="f45bd8e0-1eef-0282-1590-cf619cb2f01a" testName="InitializeTest" computerName="INZ09PC016" duration="00:00:00.0215664" startTime="2009-05-11T13:59:17.5138749+12:00" endTime="2009-05-11T13:59:17.5295000+12:00" testType="13cdc9d9-ddb5-4fa4-a97d-d965ccfc6d4b" outcome="Passed" testListId="8c84fa94-04c1-424b-9868-57a2d4851a1d">
      <Output>
      </Output>
    </UnitTestResult>
    <UnitTestResult executionId="1a1720c2-b4db-4dea-b3dd-200734d3d651" testId="5dc6a1e5-96eb-78e9-a1c3-5fa2c6ff4faa" testName="GetColorComponentFTest" computerName="INZ09PC016" duration="00:00:00.0310860" startTime="2009-05-11T13:59:17.5451251+12:00" endTime="2009-05-11T13:59:17.5763753+12:00" testType="13cdc9d9-ddb5-4fa4-a97d-d965ccfc6d4b" outcome="Passed" testListId="8c84fa94-04c1-424b-9868-57a2d4851a1d">
      <Output>
      </Output>
    </UnitTestResult>
    <UnitTestResult executionId="9682336c-87ae-46f5-931d-b74e22ac3401" testId="39191eb9-379c-e194-ed57-d42c656bd2c8" testName="Populate" computerName="INZ09PC016" duration="00:00:00.0089125" startTime="2009-05-11T13:59:17.5920004+12:00" endTime="2009-05-11T13:59:17.5920004+12:00" testType="13cdc9d9-ddb5-4fa4-a97d-d965ccfc6d4b" outcome="Passed" testListId="8c84fa94-04c1-424b-9868-57a2d4851a1d">
      <Output>
      </Output>
    </UnitTestResult>
    <UnitTestResult executionId="b004afc2-0498-4d97-9e43-5b85ecee71cf" testId="f9ed410f-44df-8a64-6bde-812531ba3fac" testName="Populate2" computerName="INZ09PC016" duration="00:00:00.0118410" startTime="2009-05-11T13:59:17.6076255+12:00" endTime="2009-05-11T13:59:17.6232506+12:00" testType="13cdc9d9-ddb5-4fa4-a97d-d965ccfc6d4b" outcome="Passed" testListId="8c84fa94-04c1-424b-9868-57a2d4851a1d">
      <Output>
        <DebugTrace>Adding '214fcc47-8274-48f4-a190-84cbe8579d80', Type 'StringLiteral', Version: «Hello World»
Adding '66dc85d3-a779-4414-9857-002da6823924', Type 'StringWithArgs', Version: «String with {0} parameter placeholders»
Adding 'b984895a-78df-4f7a-a08a-4414bd28d64b', Type 'Integer', Version: «2008»
Adding '5beef1c3-ba97-456f-b3e2-f2bd2ba89047', Type 'Decimal', Version: «1.5»
Adding '8b703ba2-a99a-4753-b460-57771eafc1cb', Type 'Real', Version: «3.14159265358979»
Adding 'fc8f6041-ec79-4adb-895e-f587736bb985', Type 'Bool', Version: «1»
Adding '03af1283-c0a6-40e0-9243-7152ed3c6983', Type 'Xml', Version: «&lt;Hello&gt;Test&lt;/Hello&gt;»
</DebugTrace>
      </Output>
    </UnitTestResult>
    <UnitTestResult executionId="a0e2e08e-960e-4708-ade5-fe9d8694ecad" testId="474d9544-a5f4-2281-9003-6cc142b83eeb" testName="ConfigItemsTextInsert" computerName="INZ09PC016" duration="00:00:08.9688074" startTime="2009-05-11T13:59:17.6232506+12:00" endTime="2009-05-11T13:59:26.5920580+12:00" testType="13cdc9d9-ddb5-4fa4-a97d-d965ccfc6d4b" outcome="Aborted" testListId="8c84fa94-04c1-424b-9868-57a2d4851a1d">
    </UnitTestResult>
    <UnitTestResult executionId="8de80444-8b45-4fc6-aa81-871709eb8def" testId="7db256fd-fa67-12ac-e346-24f1a0ebae2b" testName="ConfigItemsTextBool" computerName="INZ09PC016" duration="00:00:00" startTime="0001-01-01T13:00:00.0000000+13:00" endTime="0001-01-01T13:00:00.0000000+13:00" testType="13cdc9d9-ddb5-4fa4-a97d-d965ccfc6d4b" outcome="NotExecuted" testListId="8c84fa94-04c1-424b-9868-57a2d4851a1d">
    </UnitTestResult>
    <UnitTestResult executionId="53985175-4a0b-4ffd-8c2c-6eb88f7beae5" testId="c6bd3257-a3ff-1414-07ed-5ec4a607d301" testName="ConfigItemsTextIndex" computerName="INZ09PC016" duration="00:00:00" startTime="0001-01-01T13:00:00.0000000+13:00" endTime="0001-01-01T13:00:00.0000000+13:00" testType="13cdc9d9-ddb5-4fa4-a97d-d965ccfc6d4b" outcome="NotExecuted" testListId="8c84fa94-04c1-424b-9868-57a2d4851a1d">
    </UnitTestResult>
    <UnitTestResult executionId="dcdd2e11-ce02-47aa-84e0-dabff2a5dded" testId="130ed5c4-bdcb-2646-4ab1-f47320e5bed6" testName="ConfigItemSingularPluralText" computerName="INZ09PC016" duration="00:00:00" startTime="0001-01-01T13:00:00.0000000+13:00" endTime="0001-01-01T13:00:00.0000000+13:00" testType="13cdc9d9-ddb5-4fa4-a97d-d965ccfc6d4b" outcome="NotExecuted" testListId="8c84fa94-04c1-424b-9868-57a2d4851a1d">
    </UnitTestResult>
    <UnitTestResult executionId="60cd2c75-11d6-4662-a091-71e9061dd0bb" testId="47e79bdb-c614-496a-9545-4641cb34d196" testName="ConfigItemsTextAppend" computerName="INZ09PC016" duration="00:00:00" startTime="0001-01-01T13:00:00.0000000+13:00" endTime="0001-01-01T13:00:00.0000000+13:00" testType="13cdc9d9-ddb5-4fa4-a97d-d965ccfc6d4b" outcome="NotExecuted" testListId="8c84fa94-04c1-424b-9868-57a2d4851a1d">
    </UnitTestResult>
    <UnitTestResult executionId="98f56d92-47b7-463c-8433-34dfb9efc2f0" testId="4c731372-d1bd-12f4-338e-86c1720fc545" testName="ConfigItemsNumbers" computerName="INZ09PC016" duration="00:00:00" startTime="0001-01-01T13:00:00.0000000+13:00" endTime="0001-01-01T13:00:00.0000000+13:00" testType="13cdc9d9-ddb5-4fa4-a97d-d965ccfc6d4b" outcome="NotExecuted" testListId="8c84fa94-04c1-424b-9868-57a2d4851a1d">
    </UnitTestResult>
    <UnitTestResult executionId="a41b9134-3b1f-48a2-8788-d2742adf9517" testId="d28fd9ae-89de-2393-cb2e-0d7265a89b30" testName="ConfigItemsResolve" computerName="INZ09PC016" duration="00:00:00" startTime="0001-01-01T13:00:00.0000000+13:00" endTime="0001-01-01T13:00:00.0000000+13:00" testType="13cdc9d9-ddb5-4fa4-a97d-d965ccfc6d4b" outcome="NotExecuted" testListId="8c84fa94-04c1-424b-9868-57a2d4851a1d">
    </UnitTestResult>
    <UnitTestResult executionId="3cbcdf05-9a1f-48b1-9c85-d6cc2e00a86b" testId="f02b29eb-e632-3520-81e3-e7b795f31e46" testName="UsageExample_Text" computerName="INZ09PC016" duration="00:00:00" startTime="0001-01-01T13:00:00.0000000+13:00" endTime="0001-01-01T13:00:00.0000000+13:00" testType="13cdc9d9-ddb5-4fa4-a97d-d965ccfc6d4b" outcome="NotExecuted" testListId="8c84fa94-04c1-424b-9868-57a2d4851a1d">
    </UnitTestResult>
    <UnitTestResult executionId="305a50ff-ab32-4db5-be30-575032fc763d" testId="a54def80-f22f-80f0-58ab-307977b2c8f0" testName="UsageExample_PreCalcApplicationParameter" computerName="INZ09PC016" duration="00:00:00" startTime="0001-01-01T13:00:00.0000000+13:00" endTime="0001-01-01T13:00:00.0000000+13:00" testType="13cdc9d9-ddb5-4fa4-a97d-d965ccfc6d4b" outcome="NotExecuted" testListId="8c84fa94-04c1-424b-9868-57a2d4851a1d">
    </UnitTestResult>
    <UnitTestResult executionId="ac606d67-8938-49bd-a1c2-edc95d4f45b7" testId="54a445f0-3491-f747-af69-a4f642bda2a3" testName="ResolvingGuids" computerName="INZ09PC016" duration="00:00:00" startTime="0001-01-01T13:00:00.0000000+13:00" endTime="0001-01-01T13:00:00.0000000+13:00" testType="13cdc9d9-ddb5-4fa4-a97d-d965ccfc6d4b" outcome="NotExecuted" testListId="8c84fa94-04c1-424b-9868-57a2d4851a1d">
    </UnitTestResult>
    <UnitTestResult executionId="a1079896-c67c-49f8-938d-446370e97391" testId="338c5d75-7a55-9d61-9454-4c6230f3bd13" testName="TestColors" computerName="INZ09PC016" duration="00:00:00" startTime="0001-01-01T13:00:00.0000000+13:00" endTime="0001-01-01T13:00:00.0000000+13:00" testType="13cdc9d9-ddb5-4fa4-a97d-d965ccfc6d4b" outcome="NotExecuted" testListId="8c84fa94-04c1-424b-9868-57a2d4851a1d">
    </UnitTestResult>
    <UnitTestResult executionId="b098bdef-fb44-466a-9528-f68e15c0556f" testId="642fef7b-1ed4-a43c-87e4-90ad275f0921" testName="TestWrappers" computerName="INZ09PC016" duration="00:00:00" startTime="0001-01-01T13:00:00.0000000+13:00" endTime="0001-01-01T13:00:00.0000000+13:00" testType="13cdc9d9-ddb5-4fa4-a97d-d965ccfc6d4b" outcome="NotExecuted" testListId="8c84fa94-04c1-424b-9868-57a2d4851a1d">
    </UnitTestResult>
  </Results>
</TestRun>