<?xml version="1.0" encoding="UTF-8"?>
<TestRun id="56ccf48a-b493-4d14-81d7-3afcbf26320a" name="maurice.verheijen@INZ09PC016 2009-05-11 16:17:11" runUser="PROLIFICXNZ\maurice.verheijen" xmlns="http://microsoft.com/schemas/VisualStudio/TeamTest/2006">
  <TestRunConfiguration name="Default Run Configuration" id="146dfc38-8666-4fc7-954e-0ecbda82fed1">
    <Deployment runDeploymentRoot="C:\Workspace\Imarda360.Infrastructure\Services\Configuration\TestResults\maurice.verheijen_INZ09PC016 2009-05-11 16_17_11">
      <DeploymentItem filename="C:\Workspace\Imarda360.Infrastructure\Services\Configuration\ConfigManagement\bin\Debug\ConfigManagement.dll" />
    </Deployment>
    <Hosts skipUnhostableTests="false" />
    <TestTypeSpecific />
  </TestRunConfiguration>
  <ResultSummary outcome="Error">
    <Counters total="19" executed="19" passed="18" error="0" failed="0" timeout="0" aborted="1" inconclusive="0" passedButRunAborted="0" notRunnable="0" notExecuted="0" disconnected="0" warning="0" completed="0" inProgress="0" pending="0" />
    <RunInfos>
      <RunInfo computerName="INZ09PC016" outcome="Error" timestamp="2009-05-11T16:17:27.7193419+12:00">
        <Text>Test host process exited unexpectedly.</Text>
      </RunInfo>
    </RunInfos>
  </ResultSummary>
  <Times creation="2009-05-11T16:17:11.2973618+12:00" queuing="2009-05-11T16:17:12.1098670+12:00" start="2009-05-11T16:17:12.2504929+12:00" finish="2009-05-11T16:17:27.7193419+12:00" />
  <TestDefinitions>
    <UnitTest name="UsageExample_Text" storage="c:\workspace\imarda360.infrastructure\services\configuration\testproject1\bin\debug\testproject1.dll" id="f02b29eb-e632-3520-81e3-e7b795f31e46">
      <Css projectStructure="" iteration="" />
      <Owners>
        <Owner name="" />
      </Owners>
      <Execution id="96f95203-3d99-45f3-a6d0-8f510eb04d89" />
      <TestMethod codeBase="C:\Workspace\Imarda360.Infrastructure\Services\Configuration\TestProject1\bin\Debug\TestProject1.dll" adapterTypeName="Microsoft.VisualStudio.TestTools.TestTypes.Unit.UnitTestAdapter, Microsoft.VisualStudio.QualityTools.Tips.UnitTest.Adapter, Version=9.0.0.0, Culture=neutral, PublicKeyToken=b03f5f7f11d50a3a" className="TestProject1.UnitTest1, TestProject1" name="UsageExample_Text" />
    </UnitTest>
    <UnitTest name="TestMethod1" storage="c:\workspace\imarda360.infrastructure\services\configuration\testproject1\bin\debug\testproject1.dll" id="bcbff09f-1bf5-328d-2908-9d4d9ded0753">
      <Css projectStructure="" iteration="" />
      <Owners>
        <Owner name="" />
      </Owners>
      <TestMethod codeBase="C:\Workspace\Imarda360.Infrastructure\Services\Configuration\TestProject1\bin\Debug\TestProject1.dll" adapterTypeName="Microsoft.VisualStudio.TestTools.TestTypes.Unit.UnitTestAdapter, Microsoft.VisualStudio.QualityTools.Tips.UnitTest.Adapter, Version=9.0.0.0, Culture=neutral, PublicKeyToken=b03f5f7f11d50a3a" className="TestProject1.UnitTest2, TestProject1" name="TestMethod1" />
    </UnitTest>
    <UnitTest name="ConfigItemsTextAppend" storage="c:\workspace\imarda360.infrastructure\services\configuration\testproject1\bin\debug\testproject1.dll" id="47e79bdb-c614-496a-9545-4641cb34d196">
      <Css projectStructure="" iteration="" />
      <Owners>
        <Owner name="" />
      </Owners>
      <Execution id="9ec012ef-066e-4f06-90c8-61d431e93f36" />
      <TestMethod codeBase="C:\Workspace\Imarda360.Infrastructure\Services\Configuration\TestProject1\bin\Debug\TestProject1.dll" adapterTypeName="Microsoft.VisualStudio.TestTools.TestTypes.Unit.UnitTestAdapter, Microsoft.VisualStudio.QualityTools.Tips.UnitTest.Adapter, Version=9.0.0.0, Culture=neutral, PublicKeyToken=b03f5f7f11d50a3a" className="TestProject1.UnitTest1, TestProject1" name="ConfigItemsTextAppend" />
    </UnitTest>
    <UnitTest name="ConfigItemsNumbers" storage="c:\workspace\imarda360.infrastructure\services\configuration\testproject1\bin\debug\testproject1.dll" id="4c731372-d1bd-12f4-338e-86c1720fc545">
      <Css projectStructure="" iteration="" />
      <Owners>
        <Owner name="" />
      </Owners>
      <Execution id="37509a3b-813b-4678-8a14-b6917e8e8586" />
      <TestMethod codeBase="C:\Workspace\Imarda360.Infrastructure\Services\Configuration\TestProject1\bin\Debug\TestProject1.dll" adapterTypeName="Microsoft.VisualStudio.TestTools.TestTypes.Unit.UnitTestAdapter, Microsoft.VisualStudio.QualityTools.Tips.UnitTest.Adapter, Version=9.0.0.0, Culture=neutral, PublicKeyToken=b03f5f7f11d50a3a" className="TestProject1.UnitTest1, TestProject1" name="ConfigItemsNumbers" />
    </UnitTest>
    <UnitTest name="ConfigItemsResolve" storage="c:\workspace\imarda360.infrastructure\services\configuration\testproject1\bin\debug\testproject1.dll" id="d28fd9ae-89de-2393-cb2e-0d7265a89b30">
      <Css projectStructure="" iteration="" />
      <Owners>
        <Owner name="" />
      </Owners>
      <Execution id="fd522f6d-740c-4aa6-86a7-f1819e893c0b" />
      <TestMethod codeBase="C:\Workspace\Imarda360.Infrastructure\Services\Configuration\TestProject1\bin\Debug\TestProject1.dll" adapterTypeName="Microsoft.VisualStudio.TestTools.TestTypes.Unit.UnitTestAdapter, Microsoft.VisualStudio.QualityTools.Tips.UnitTest.Adapter, Version=9.0.0.0, Culture=neutral, PublicKeyToken=b03f5f7f11d50a3a" className="TestProject1.UnitTest1, TestProject1" name="ConfigItemsResolve" />
    </UnitTest>
    <UnitTest name="ConfigItemSingularPluralText" storage="c:\workspace\imarda360.infrastructure\services\configuration\testproject1\bin\debug\testproject1.dll" id="130ed5c4-bdcb-2646-4ab1-f47320e5bed6">
      <Css projectStructure="" iteration="" />
      <Owners>
        <Owner name="" />
      </Owners>
      <Execution id="84cb692f-d713-40c6-a919-654522ed7b99" />
      <TestMethod codeBase="C:\Workspace\Imarda360.Infrastructure\Services\Configuration\TestProject1\bin\Debug\TestProject1.dll" adapterTypeName="Microsoft.VisualStudio.TestTools.TestTypes.Unit.UnitTestAdapter, Microsoft.VisualStudio.QualityTools.Tips.UnitTest.Adapter, Version=9.0.0.0, Culture=neutral, PublicKeyToken=b03f5f7f11d50a3a" className="TestProject1.UnitTest1, TestProject1" name="ConfigItemSingularPluralText" />
    </UnitTest>
    <UnitTest name="InsertTest" storage="c:\workspace\imarda360.infrastructure\services\configuration\testproject1\bin\debug\testproject1.dll" id="3ca40dbe-a2dd-f2d5-4b54-ac7247f1c9fd">
      <Css projectStructure="" iteration="" />
      <Owners>
        <Owner name="" />
      </Owners>
      <Execution id="13917063-cb9f-436b-8d87-1e06a71735aa" />
      <TestMethod codeBase="C:\Workspace\Imarda360.Infrastructure\Services\Configuration\TestProject1\bin\Debug\TestProject1.dll" adapterTypeName="Microsoft.VisualStudio.TestTools.TestTypes.Unit.UnitTestAdapter, Microsoft.VisualStudio.QualityTools.Tips.UnitTest.Adapter, Version=9.0.0.0, Culture=neutral, PublicKeyToken=b03f5f7f11d50a3a" className="TestProject1.CfgColorTest, TestProject1" name="InsertTest" />
    </UnitTest>
    <UnitTest name="GetColorComponentFTest" storage="c:\workspace\imarda360.infrastructure\services\configuration\testproject1\bin\debug\testproject1.dll" id="5dc6a1e5-96eb-78e9-a1c3-5fa2c6ff4faa">
      <Css projectStructure="" iteration="" />
      <Owners>
        <Owner name="" />
      </Owners>
      <DeploymentItems>
        <DeploymentItem filename="ConfigManagement.dll" />
      </DeploymentItems>
      <Execution id="553ec37d-6b82-4fad-a3f9-1d80e26bf4e6" />
      <TestMethod codeBase="C:\Workspace\Imarda360.Infrastructure\Services\Configuration\TestProject1\bin\Debug\TestProject1.dll" adapterTypeName="Microsoft.VisualStudio.TestTools.TestTypes.Unit.UnitTestAdapter, Microsoft.VisualStudio.QualityTools.Tips.UnitTest.Adapter, Version=9.0.0.0, Culture=neutral, PublicKeyToken=b03f5f7f11d50a3a" className="TestProject1.CfgColorTest, TestProject1" name="GetColorComponentFTest" />
    </UnitTest>
    <UnitTest name="ToStringTest" storage="c:\workspace\imarda360.infrastructure\services\configuration\testproject1\bin\debug\testproject1.dll" id="0911b782-ccd6-ccaf-4095-e6ebd8e40b0b">
      <Css projectStructure="" iteration="" />
      <Owners>
        <Owner name="" />
      </Owners>
      <Execution id="9f34e17c-7b5a-48c8-9bab-36beef79020f" />
      <TestMethod codeBase="C:\Workspace\Imarda360.Infrastructure\Services\Configuration\TestProject1\bin\Debug\TestProject1.dll" adapterTypeName="Microsoft.VisualStudio.TestTools.TestTypes.Unit.UnitTestAdapter, Microsoft.VisualStudio.QualityTools.Tips.UnitTest.Adapter, Version=9.0.0.0, Culture=neutral, PublicKeyToken=b03f5f7f11d50a3a" className="TestProject1.CfgColorTest, TestProject1" name="ToStringTest" />
    </UnitTest>
    <UnitTest name="InitializeTest" storage="c:\workspace\imarda360.infrastructure\services\configuration\testproject1\bin\debug\testproject1.dll" id="f45bd8e0-1eef-0282-1590-cf619cb2f01a">
      <Css projectStructure="" iteration="" />
      <Owners>
        <Owner name="" />
      </Owners>
      <Execution id="281529ac-70bb-451d-a46f-eebfedc847cb" />
      <TestMethod codeBase="C:\Workspace\Imarda360.Infrastructure\Services\Configuration\TestProject1\bin\Debug\TestProject1.dll" adapterTypeName="Microsoft.VisualStudio.TestTools.TestTypes.Unit.UnitTestAdapter, Microsoft.VisualStudio.QualityTools.Tips.UnitTest.Adapter, Version=9.0.0.0, Culture=neutral, PublicKeyToken=b03f5f7f11d50a3a" className="TestProject1.CfgColorTest, TestProject1" name="InitializeTest" />
    </UnitTest>
    <UnitTest name="Populate" storage="c:\workspace\imarda360.infrastructure\services\configuration\testproject1\bin\debug\testproject1.dll" id="39191eb9-379c-e194-ed57-d42c656bd2c8">
      <Css projectStructure="" iteration="" />
      <Owners>
        <Owner name="" />
      </Owners>
      <Execution id="0e95d96a-2dc6-4cff-8fc7-d6164eb36954" />
      <TestMethod codeBase="C:\Workspace\Imarda360.Infrastructure\Services\Configuration\TestProject1\bin\Debug\TestProject1.dll" adapterTypeName="Microsoft.VisualStudio.TestTools.TestTypes.Unit.UnitTestAdapter, Microsoft.VisualStudio.QualityTools.Tips.UnitTest.Adapter, Version=9.0.0.0, Culture=neutral, PublicKeyToken=b03f5f7f11d50a3a" className="TestProject1.UnitTest1, TestProject1" name="Populate" />
    </UnitTest>
    <UnitTest name="TestWrappers" storage="c:\workspace\imarda360.infrastructure\services\configuration\testproject1\bin\debug\testproject1.dll" id="642fef7b-1ed4-a43c-87e4-90ad275f0921">
      <Css projectStructure="" iteration="" />
      <Owners>
        <Owner name="" />
      </Owners>
      <Execution id="cc7247b2-121d-43fa-aeee-f4d8159b7f29" />
      <TestMethod codeBase="C:\Workspace\Imarda360.Infrastructure\Services\Configuration\TestProject1\bin\Debug\TestProject1.dll" adapterTypeName="Microsoft.VisualStudio.TestTools.TestTypes.Unit.UnitTestAdapter, Microsoft.VisualStudio.QualityTools.Tips.UnitTest.Adapter, Version=9.0.0.0, Culture=neutral, PublicKeyToken=b03f5f7f11d50a3a" className="TestProject1.UnitTest1, TestProject1" name="TestWrappers" />
    </UnitTest>
    <UnitTest name="TestColors" storage="c:\workspace\imarda360.infrastructure\services\configuration\testproject1\bin\debug\testproject1.dll" id="338c5d75-7a55-9d61-9454-4c6230f3bd13">
      <Css projectStructure="" iteration="" />
      <Owners>
        <Owner name="" />
      </Owners>
      <Execution id="499eb5d8-fb2a-44cf-abb9-ddd52657890a" />
      <TestMethod codeBase="C:\Workspace\Imarda360.Infrastructure\Services\Configuration\TestProject1\bin\Debug\TestProject1.dll" adapterTypeName="Microsoft.VisualStudio.TestTools.TestTypes.Unit.UnitTestAdapter, Microsoft.VisualStudio.QualityTools.Tips.UnitTest.Adapter, Version=9.0.0.0, Culture=neutral, PublicKeyToken=b03f5f7f11d50a3a" className="TestProject1.UnitTest1, TestProject1" name="TestColors" />
    </UnitTest>
    <UnitTest name="UsageExample_PreCalcApplicationParameter" storage="c:\workspace\imarda360.infrastructure\services\configuration\testproject1\bin\debug\testproject1.dll" id="a54def80-f22f-80f0-58ab-307977b2c8f0">
      <Css projectStructure="" iteration="" />
      <Owners>
        <Owner name="" />
      </Owners>
      <Execution id="796b853e-cd65-4570-a87d-e917ba6c9210" />
      <TestMethod codeBase="C:\Workspace\Imarda360.Infrastructure\Services\Configuration\TestProject1\bin\Debug\TestProject1.dll" adapterTypeName="Microsoft.VisualStudio.TestTools.TestTypes.Unit.UnitTestAdapter, Microsoft.VisualStudio.QualityTools.Tips.UnitTest.Adapter, Version=9.0.0.0, Culture=neutral, PublicKeyToken=b03f5f7f11d50a3a" className="TestProject1.UnitTest1, TestProject1" name="UsageExample_PreCalcApplicationParameter" />
    </UnitTest>
    <UnitTest name="ConfigItemsTextInsert" storage="c:\workspace\imarda360.infrastructure\services\configuration\testproject1\bin\debug\testproject1.dll" id="474d9544-a5f4-2281-9003-6cc142b83eeb">
      <Css projectStructure="" iteration="" />
      <Owners>
        <Owner name="" />
      </Owners>
      <Execution id="c28756cf-215a-4201-b056-8d6cc5e465a6" />
      <TestMethod codeBase="C:\Workspace\Imarda360.Infrastructure\Services\Configuration\TestProject1\bin\Debug\TestProject1.dll" adapterTypeName="Microsoft.VisualStudio.TestTools.TestTypes.Unit.UnitTestAdapter, Microsoft.VisualStudio.QualityTools.Tips.UnitTest.Adapter, Version=9.0.0.0, Culture=neutral, PublicKeyToken=b03f5f7f11d50a3a" className="TestProject1.UnitTest1, TestProject1" name="ConfigItemsTextInsert" />
    </UnitTest>
    <UnitTest name="ConfigItemsTextIndex" storage="c:\workspace\imarda360.infrastructure\services\configuration\testproject1\bin\debug\testproject1.dll" id="c6bd3257-a3ff-1414-07ed-5ec4a607d301">
      <Css projectStructure="" iteration="" />
      <Owners>
        <Owner name="" />
      </Owners>
      <Execution id="e1755bd6-0f70-48e4-9626-d8af808dcec1" />
      <TestMethod codeBase="C:\Workspace\Imarda360.Infrastructure\Services\Configuration\TestProject1\bin\Debug\TestProject1.dll" adapterTypeName="Microsoft.VisualStudio.TestTools.TestTypes.Unit.UnitTestAdapter, Microsoft.VisualStudio.QualityTools.Tips.UnitTest.Adapter, Version=9.0.0.0, Culture=neutral, PublicKeyToken=b03f5f7f11d50a3a" className="TestProject1.UnitTest1, TestProject1" name="ConfigItemsTextIndex" />
    </UnitTest>
    <UnitTest name="ResolvingGuids" storage="c:\workspace\imarda360.infrastructure\services\configuration\testproject1\bin\debug\testproject1.dll" id="54a445f0-3491-f747-af69-a4f642bda2a3">
      <Css projectStructure="" iteration="" />
      <Owners>
        <Owner name="" />
      </Owners>
      <Execution id="42a82b5f-a362-42c1-bca1-f2c75daa6c3b" />
      <TestMethod codeBase="C:\Workspace\Imarda360.Infrastructure\Services\Configuration\TestProject1\bin\Debug\TestProject1.dll" adapterTypeName="Microsoft.VisualStudio.TestTools.TestTypes.Unit.UnitTestAdapter, Microsoft.VisualStudio.QualityTools.Tips.UnitTest.Adapter, Version=9.0.0.0, Culture=neutral, PublicKeyToken=b03f5f7f11d50a3a" className="TestProject1.UnitTest1, TestProject1" name="ResolvingGuids" />
    </UnitTest>
    <UnitTest name="Populate2" storage="c:\workspace\imarda360.infrastructure\services\configuration\testproject1\bin\debug\testproject1.dll" id="f9ed410f-44df-8a64-6bde-812531ba3fac">
      <Css projectStructure="" iteration="" />
      <Owners>
        <Owner name="" />
      </Owners>
      <Execution id="15d80c8c-f0aa-42b7-ac7c-5005ccdce52d" />
      <TestMethod codeBase="C:\Workspace\Imarda360.Infrastructure\Services\Configuration\TestProject1\bin\Debug\TestProject1.dll" adapterTypeName="Microsoft.VisualStudio.TestTools.TestTypes.Unit.UnitTestAdapter, Microsoft.VisualStudio.QualityTools.Tips.UnitTest.Adapter, Version=9.0.0.0, Culture=neutral, PublicKeyToken=b03f5f7f11d50a3a" className="TestProject1.UnitTest1, TestProject1" name="Populate2" />
    </UnitTest>
    <UnitTest name="ConfigItemsTextBool" storage="c:\workspace\imarda360.infrastructure\services\configuration\testproject1\bin\debug\testproject1.dll" id="7db256fd-fa67-12ac-e346-24f1a0ebae2b">
      <Css projectStructure="" iteration="" />
      <Owners>
        <Owner name="" />
      </Owners>
      <Execution id="c2ec4029-db64-448f-8d6c-5ccaeedb6cdf" />
      <TestMethod codeBase="C:\Workspace\Imarda360.Infrastructure\Services\Configuration\TestProject1\bin\Debug\TestProject1.dll" adapterTypeName="Microsoft.VisualStudio.TestTools.TestTypes.Unit.UnitTestAdapter, Microsoft.VisualStudio.QualityTools.Tips.UnitTest.Adapter, Version=9.0.0.0, Culture=neutral, PublicKeyToken=b03f5f7f11d50a3a" className="TestProject1.UnitTest1, TestProject1" name="ConfigItemsTextBool" />
    </UnitTest>
  </TestDefinitions>
  <TestLists>
    <TestList name="Results Not in a List" id="8c84fa94-04c1-424b-9868-57a2d4851a1d" />
    <TestList name="All Loaded Results" id="19431567-8539-422a-85d7-44ee4e166bda" />
  </TestLists>
  <TestEntries>
    <TestEntry testId="0911b782-ccd6-ccaf-4095-e6ebd8e40b0b" executionId="9f34e17c-7b5a-48c8-9bab-36beef79020f" testListId="8c84fa94-04c1-424b-9868-57a2d4851a1d" />
    <TestEntry testId="3ca40dbe-a2dd-f2d5-4b54-ac7247f1c9fd" executionId="13917063-cb9f-436b-8d87-1e06a71735aa" testListId="8c84fa94-04c1-424b-9868-57a2d4851a1d" />
    <TestEntry testId="f45bd8e0-1eef-0282-1590-cf619cb2f01a" executionId="281529ac-70bb-451d-a46f-eebfedc847cb" testListId="8c84fa94-04c1-424b-9868-57a2d4851a1d" />
    <TestEntry testId="5dc6a1e5-96eb-78e9-a1c3-5fa2c6ff4faa" executionId="553ec37d-6b82-4fad-a3f9-1d80e26bf4e6" testListId="8c84fa94-04c1-424b-9868-57a2d4851a1d" />
    <TestEntry testId="39191eb9-379c-e194-ed57-d42c656bd2c8" executionId="0e95d96a-2dc6-4cff-8fc7-d6164eb36954" testListId="8c84fa94-04c1-424b-9868-57a2d4851a1d" />
    <TestEntry testId="f9ed410f-44df-8a64-6bde-812531ba3fac" executionId="15d80c8c-f0aa-42b7-ac7c-5005ccdce52d" testListId="8c84fa94-04c1-424b-9868-57a2d4851a1d" />
    <TestEntry testId="474d9544-a5f4-2281-9003-6cc142b83eeb" executionId="c28756cf-215a-4201-b056-8d6cc5e465a6" testListId="8c84fa94-04c1-424b-9868-57a2d4851a1d" />
    <TestEntry testId="7db256fd-fa67-12ac-e346-24f1a0ebae2b" executionId="c2ec4029-db64-448f-8d6c-5ccaeedb6cdf" testListId="8c84fa94-04c1-424b-9868-57a2d4851a1d" />
    <TestEntry testId="c6bd3257-a3ff-1414-07ed-5ec4a607d301" executionId="e1755bd6-0f70-48e4-9626-d8af808dcec1" testListId="8c84fa94-04c1-424b-9868-57a2d4851a1d" />
    <TestEntry testId="130ed5c4-bdcb-2646-4ab1-f47320e5bed6" executionId="84cb692f-d713-40c6-a919-654522ed7b99" testListId="8c84fa94-04c1-424b-9868-57a2d4851a1d" />
    <TestEntry testId="47e79bdb-c614-496a-9545-4641cb34d196" executionId="9ec012ef-066e-4f06-90c8-61d431e93f36" testListId="8c84fa94-04c1-424b-9868-57a2d4851a1d" />
    <TestEntry testId="4c731372-d1bd-12f4-338e-86c1720fc545" executionId="37509a3b-813b-4678-8a14-b6917e8e8586" testListId="8c84fa94-04c1-424b-9868-57a2d4851a1d" />
    <TestEntry testId="d28fd9ae-89de-2393-cb2e-0d7265a89b30" executionId="fd522f6d-740c-4aa6-86a7-f1819e893c0b" testListId="8c84fa94-04c1-424b-9868-57a2d4851a1d" />
    <TestEntry testId="f02b29eb-e632-3520-81e3-e7b795f31e46" executionId="96f95203-3d99-45f3-a6d0-8f510eb04d89" testListId="8c84fa94-04c1-424b-9868-57a2d4851a1d" />
    <TestEntry testId="a54def80-f22f-80f0-58ab-307977b2c8f0" executionId="796b853e-cd65-4570-a87d-e917ba6c9210" testListId="8c84fa94-04c1-424b-9868-57a2d4851a1d" />
    <TestEntry testId="54a445f0-3491-f747-af69-a4f642bda2a3" executionId="42a82b5f-a362-42c1-bca1-f2c75daa6c3b" testListId="8c84fa94-04c1-424b-9868-57a2d4851a1d" />
    <TestEntry testId="338c5d75-7a55-9d61-9454-4c6230f3bd13" executionId="499eb5d8-fb2a-44cf-abb9-ddd52657890a" testListId="8c84fa94-04c1-424b-9868-57a2d4851a1d" />
    <TestEntry testId="642fef7b-1ed4-a43c-87e4-90ad275f0921" executionId="cc7247b2-121d-43fa-aeee-f4d8159b7f29" testListId="8c84fa94-04c1-424b-9868-57a2d4851a1d" />
    <TestEntry testId="bcbff09f-1bf5-328d-2908-9d4d9ded0753" executionId="82bd997f-25a8-413b-a3c8-18bd2034c4f4" testListId="8c84fa94-04c1-424b-9868-57a2d4851a1d" />
  </TestEntries>
  <Results>
    <UnitTestResult executionId="9f34e17c-7b5a-48c8-9bab-36beef79020f" testId="0911b782-ccd6-ccaf-4095-e6ebd8e40b0b" testName="ToStringTest" computerName="INZ09PC016" duration="00:00:00.0160058" startTime="2009-05-11T16:17:12.2973682+12:00" endTime="2009-05-11T16:17:12.4848694+12:00" testType="13cdc9d9-ddb5-4fa4-a97d-d965ccfc6d4b" outcome="Passed" testListId="8c84fa94-04c1-424b-9868-57a2d4851a1d">
      <Output>
      </Output>
    </UnitTestResult>
    <UnitTestResult executionId="13917063-cb9f-436b-8d87-1e06a71735aa" testId="3ca40dbe-a2dd-f2d5-4b54-ac7247f1c9fd" testName="InsertTest" computerName="INZ09PC016" duration="00:00:00.0037999" startTime="2009-05-11T16:17:12.4848694+12:00" endTime="2009-05-11T16:17:12.5004945+12:00" testType="13cdc9d9-ddb5-4fa4-a97d-d965ccfc6d4b" outcome="Passed" testListId="8c84fa94-04c1-424b-9868-57a2d4851a1d">
      <Output>
      </Output>
    </UnitTestResult>
    <UnitTestResult executionId="281529ac-70bb-451d-a46f-eebfedc847cb" testId="f45bd8e0-1eef-0282-1590-cf619cb2f01a" testName="InitializeTest" computerName="INZ09PC016" duration="00:00:00.0217846" startTime="2009-05-11T16:17:12.5004945+12:00" endTime="2009-05-11T16:17:12.5317447+12:00" testType="13cdc9d9-ddb5-4fa4-a97d-d965ccfc6d4b" outcome="Passed" testListId="8c84fa94-04c1-424b-9868-57a2d4851a1d">
      <Output>
      </Output>
    </UnitTestResult>
    <UnitTestResult executionId="553ec37d-6b82-4fad-a3f9-1d80e26bf4e6" testId="5dc6a1e5-96eb-78e9-a1c3-5fa2c6ff4faa" testName="GetColorComponentFTest" computerName="INZ09PC016" duration="00:00:00.0300196" startTime="2009-05-11T16:17:12.5317447+12:00" endTime="2009-05-11T16:17:12.5629949+12:00" testType="13cdc9d9-ddb5-4fa4-a97d-d965ccfc6d4b" outcome="Passed" testListId="8c84fa94-04c1-424b-9868-57a2d4851a1d">
      <Output>
      </Output>
    </UnitTestResult>
    <UnitTestResult executionId="0e95d96a-2dc6-4cff-8fc7-d6164eb36954" testId="39191eb9-379c-e194-ed57-d42c656bd2c8" testName="Populate" computerName="INZ09PC016" duration="00:00:00.0091636" startTime="2009-05-11T16:17:12.5786200+12:00" endTime="2009-05-11T16:17:12.5942451+12:00" testType="13cdc9d9-ddb5-4fa4-a97d-d965ccfc6d4b" outcome="Passed" testListId="8c84fa94-04c1-424b-9868-57a2d4851a1d">
      <Output>
      </Output>
    </UnitTestResult>
    <UnitTestResult executionId="15d80c8c-f0aa-42b7-ac7c-5005ccdce52d" testId="f9ed410f-44df-8a64-6bde-812531ba3fac" testName="Populate2" computerName="INZ09PC016" duration="00:00:00.0120434" startTime="2009-05-11T16:17:12.5942451+12:00" endTime="2009-05-11T16:17:12.6098702+12:00" testType="13cdc9d9-ddb5-4fa4-a97d-d965ccfc6d4b" outcome="Passed" testListId="8c84fa94-04c1-424b-9868-57a2d4851a1d">
      <Output>
        <DebugTrace>Adding '214fcc47-8274-48f4-a190-84cbe8579d80', Type 'StringLiteral', Version: «Hello World»
Adding '66dc85d3-a779-4414-9857-002da6823924', Type 'StringWithArgs', Version: «String with {0} parameter placeholders»
Adding 'b984895a-78df-4f7a-a08a-4414bd28d64b', Type 'Integer', Version: «2008»
Adding '5beef1c3-ba97-456f-b3e2-f2bd2ba89047', Type 'Decimal', Version: «1.5»
Adding '8b703ba2-a99a-4753-b460-57771eafc1cb', Type 'Real', Version: «3.14159265358979»
Adding 'fc8f6041-ec79-4adb-895e-f587736bb985', Type 'Bool', Version: «1»
Adding '03af1283-c0a6-40e0-9243-7152ed3c6983', Type 'Xml', Version: «&lt;Hello&gt;Test&lt;/Hello&gt;»
</DebugTrace>
      </Output>
    </UnitTestResult>
    <UnitTestResult executionId="c28756cf-215a-4201-b056-8d6cc5e465a6" testId="474d9544-a5f4-2281-9003-6cc142b83eeb" testName="ConfigItemsTextInsert" computerName="INZ09PC016" duration="00:00:00.0012217" startTime="2009-05-11T16:17:12.6098702+12:00" endTime="2009-05-11T16:17:12.6098702+12:00" testType="13cdc9d9-ddb5-4fa4-a97d-d965ccfc6d4b" outcome="Passed" testListId="8c84fa94-04c1-424b-9868-57a2d4851a1d">
      <Output>
      </Output>
    </UnitTestResult>
    <UnitTestResult executionId="c2ec4029-db64-448f-8d6c-5ccaeedb6cdf" testId="7db256fd-fa67-12ac-e346-24f1a0ebae2b" testName="ConfigItemsTextBool" computerName="INZ09PC016" duration="00:00:00.0020856" startTime="2009-05-11T16:17:12.6098702+12:00" endTime="2009-05-11T16:17:12.6254953+12:00" testType="13cdc9d9-ddb5-4fa4-a97d-d965ccfc6d4b" outcome="Passed" testListId="8c84fa94-04c1-424b-9868-57a2d4851a1d">
      <Output>
      </Output>
    </UnitTestResult>
    <UnitTestResult executionId="e1755bd6-0f70-48e4-9626-d8af808dcec1" testId="c6bd3257-a3ff-1414-07ed-5ec4a607d301" testName="ConfigItemsTextIndex" computerName="INZ09PC016" duration="00:00:00.0041459" startTime="2009-05-11T16:17:12.6254953+12:00" endTime="2009-05-11T16:17:12.6254953+12:00" testType="13cdc9d9-ddb5-4fa4-a97d-d965ccfc6d4b" outcome="Passed" testListId="8c84fa94-04c1-424b-9868-57a2d4851a1d">
      <Output>
        <DebugTrace>Say #{no|yes|maybe|sometimes} if you #{don't ||could |sometimes }agree.
Say #{no|yes|maybe|sometimes} if you #{don't ||could |sometimes }agree.
Say #{no|yes|maybe|sometimes} if you #{don't ||could |sometimes }agree.
Say #{no|yes|maybe|sometimes} if you #{don't ||could |sometimes }agree.
Say #{no|yes|maybe|sometimes} if you #{don't ||could |sometimes }agree.
Say #{no|yes|maybe|sometimes} if you #{don't ||could |sometimes }agree.
Say #{no|yes|maybe|sometimes} if you #{don't ||could |sometimes }agree.
Say #{no|yes|maybe|sometimes} if you #{don't ||could |sometimes }agree.
Say #{no|yes|maybe|sometimes} if you #{don't ||could |sometimes }agree.
Say #{no|yes|maybe|sometimes} if you #{don't ||could |sometimes }agree.
Say #{no|yes|maybe|sometimes} if you #{don't ||could |sometimes }agree.
Say #{no|yes|maybe|sometimes} if you #{don't ||could |sometimes }agree.
</DebugTrace>
      </Output>
    </UnitTestResult>
    <UnitTestResult executionId="84cb692f-d713-40c6-a919-654522ed7b99" testId="130ed5c4-bdcb-2646-4ab1-f47320e5bed6" testName="ConfigItemSingularPluralText" computerName="INZ09PC016" duration="00:00:00.0019313" startTime="2009-05-11T16:17:12.6411204+12:00" endTime="2009-05-11T16:17:12.6411204+12:00" testType="13cdc9d9-ddb5-4fa4-a97d-d965ccfc6d4b" outcome="Passed" testListId="8c84fa94-04c1-424b-9868-57a2d4851a1d">
      <Output>
        <DebugTrace>There #{is|are} #{} item#{|s}.
There #{is|are} #{} item#{|s}.
There #{is|are} #{} item#{|s}.
There #{is|are} #{} item#{|s}.
There #{is|are} #{} item#{|s}.
There #{is|are} #{} item#{|s}.
</DebugTrace>
      </Output>
    </UnitTestResult>
    <UnitTestResult executionId="9ec012ef-066e-4f06-90c8-61d431e93f36" testId="47e79bdb-c614-496a-9545-4641cb34d196" testName="ConfigItemsTextAppend" computerName="INZ09PC016" duration="00:00:00.0002564" startTime="2009-05-11T16:17:12.6411204+12:00" endTime="2009-05-11T16:17:12.6411204+12:00" testType="13cdc9d9-ddb5-4fa4-a97d-d965ccfc6d4b" outcome="Passed" testListId="8c84fa94-04c1-424b-9868-57a2d4851a1d">
      <Output>
      </Output>
    </UnitTestResult>
    <UnitTestResult executionId="37509a3b-813b-4678-8a14-b6917e8e8586" testId="4c731372-d1bd-12f4-338e-86c1720fc545" testName="ConfigItemsNumbers" computerName="INZ09PC016" duration="00:00:00.0011465" startTime="2009-05-11T16:17:12.6411204+12:00" endTime="2009-05-11T16:17:12.6567455+12:00" testType="13cdc9d9-ddb5-4fa4-a97d-d965ccfc6d4b" outcome="Passed" testListId="8c84fa94-04c1-424b-9868-57a2d4851a1d">
      <Output>
      </Output>
    </UnitTestResult>
    <UnitTestResult executionId="fd522f6d-740c-4aa6-86a7-f1819e893c0b" testId="d28fd9ae-89de-2393-cb2e-0d7265a89b30" testName="ConfigItemsResolve" computerName="INZ09PC016" duration="00:00:00.0013441" startTime="2009-05-11T16:17:12.6567455+12:00" endTime="2009-05-11T16:17:12.6567455+12:00" testType="13cdc9d9-ddb5-4fa4-a97d-d965ccfc6d4b" outcome="Passed" testListId="8c84fa94-04c1-424b-9868-57a2d4851a1d">
      <Output>
      </Output>
    </UnitTestResult>
    <UnitTestResult executionId="96f95203-3d99-45f3-a6d0-8f510eb04d89" testId="f02b29eb-e632-3520-81e3-e7b795f31e46" testName="UsageExample_Text" computerName="INZ09PC016" duration="00:00:00.0008317" startTime="2009-05-11T16:17:12.6567455+12:00" endTime="2009-05-11T16:17:12.6723706+12:00" testType="13cdc9d9-ddb5-4fa4-a97d-d965ccfc6d4b" outcome="Passed" testListId="8c84fa94-04c1-424b-9868-57a2d4851a1d">
      <Output>
      </Output>
    </UnitTestResult>
    <UnitTestResult executionId="796b853e-cd65-4570-a87d-e917ba6c9210" testId="a54def80-f22f-80f0-58ab-307977b2c8f0" testName="UsageExample_PreCalcApplicationParameter" computerName="INZ09PC016" duration="00:00:00.0009400" startTime="2009-05-11T16:17:12.6723706+12:00" endTime="2009-05-11T16:17:12.6723706+12:00" testType="13cdc9d9-ddb5-4fa4-a97d-d965ccfc6d4b" outcome="Passed" testListId="8c84fa94-04c1-424b-9868-57a2d4851a1d">
      <Output>
        <DebugTrace>#{|every day}
</DebugTrace>
      </Output>
    </UnitTestResult>
    <UnitTestResult executionId="42a82b5f-a362-42c1-bca1-f2c75daa6c3b" testId="54a445f0-3491-f747-af69-a4f642bda2a3" testName="ResolvingGuids" computerName="INZ09PC016" duration="00:00:00.0026485" startTime="2009-05-11T16:17:12.6723706+12:00" endTime="2009-05-11T16:17:12.6879957+12:00" testType="13cdc9d9-ddb5-4fa4-a97d-d965ccfc6d4b" outcome="Passed" testListId="8c84fa94-04c1-424b-9868-57a2d4851a1d">
      <Output>
        <DebugTrace>#{by value|This is by reference: Third level}
</DebugTrace>
      </Output>
    </UnitTestResult>
    <UnitTestResult executionId="499eb5d8-fb2a-44cf-abb9-ddd52657890a" testId="338c5d75-7a55-9d61-9454-4c6230f3bd13" testName="TestColors" computerName="INZ09PC016" duration="00:00:00.0010278" startTime="2009-05-11T16:17:12.6879957+12:00" endTime="2009-05-11T16:17:12.6879957+12:00" testType="13cdc9d9-ddb5-4fa4-a97d-d965ccfc6d4b" outcome="Passed" testListId="8c84fa94-04c1-424b-9868-57a2d4851a1d">
      <Output>
      </Output>
    </UnitTestResult>
    <UnitTestResult executionId="cc7247b2-121d-43fa-aeee-f4d8159b7f29" testId="642fef7b-1ed4-a43c-87e4-90ad275f0921" testName="TestWrappers" computerName="INZ09PC016" duration="00:00:00.0023352" startTime="2009-05-11T16:17:12.6879957+12:00" endTime="2009-05-11T16:17:12.7036208+12:00" testType="13cdc9d9-ddb5-4fa4-a97d-d965ccfc6d4b" outcome="Passed" testListId="8c84fa94-04c1-424b-9868-57a2d4851a1d">
      <Output>
      </Output>
    </UnitTestResult>
    <UnitTestResult executionId="82bd997f-25a8-413b-a3c8-18bd2034c4f4" testId="bcbff09f-1bf5-328d-2908-9d4d9ded0753" testName="TestMethod1" computerName="INZ09PC016" duration="00:00:15.0157211" startTime="2009-05-11T16:17:12.7036208+12:00" endTime="2009-05-11T16:17:27.7193419+12:00" testType="13cdc9d9-ddb5-4fa4-a97d-d965ccfc6d4b" outcome="Aborted" testListId="8c84fa94-04c1-424b-9868-57a2d4851a1d">
    </UnitTestResult>
  </Results>
</TestRun>