<?xml version="1.0" encoding="UTF-8"?>
<TestRun id="90c59068-1000-4924-8337-ffaf0a65fe40" name="maurice.verheijen@INZ09PC016 2009-05-11 16:27:20" runUser="PROLIFICXNZ\maurice.verheijen" xmlns="http://microsoft.com/schemas/VisualStudio/TeamTest/2006">
  <TestRunConfiguration name="Default Run Configuration" id="c38bbdf6-ec1d-4d0b-81e0-090f69383517">
    <Deployment runDeploymentRoot="C:\Workspace\Imarda360.Infrastructure\Services\Configuration\TestResults\maurice.verheijen_INZ09PC016 2009-05-11 16_27_20">
      <DeploymentItem filename="C:\Workspace\Imarda360.Infrastructure\Services\Configuration\ConfigManagement\bin\Debug\ConfigManagement.dll" />
    </Deployment>
    <Hosts skipUnhostableTests="false" />
    <TestTypeSpecific />
  </TestRunConfiguration>
  <ResultSummary outcome="Error">
    <Counters total="19" executed="19" passed="18" error="0" failed="0" timeout="0" aborted="1" inconclusive="0" passedButRunAborted="0" notRunnable="0" notExecuted="0" disconnected="0" warning="0" completed="0" inProgress="0" pending="0" />
    <RunInfos>
      <RunInfo computerName="INZ09PC016" outcome="Error" timestamp="2009-05-11T16:27:27.6587615+12:00">
        <Text>Test host process exited unexpectedly.</Text>
      </RunInfo>
    </RunInfos>
  </ResultSummary>
  <Times creation="2009-05-11T16:27:20.1743386+12:00" queuing="2009-05-11T16:27:21.0962195+12:00" start="2009-05-11T16:27:21.2524705+12:00" finish="2009-05-11T16:27:27.6587615+12:00" />
  <TestDefinitions>
    <UnitTest name="UsageExample_Text" storage="c:\workspace\imarda360.infrastructure\services\configuration\testproject1\bin\debug\testproject1.dll" id="f02b29eb-e632-3520-81e3-e7b795f31e46">
      <Css projectStructure="" iteration="" />
      <Owners>
        <Owner name="" />
      </Owners>
      <Execution id="3fb27ad4-a667-403e-800b-9001690e180e" />
      <TestMethod codeBase="C:\Workspace\Imarda360.Infrastructure\Services\Configuration\TestProject1\bin\Debug\TestProject1.dll" adapterTypeName="Microsoft.VisualStudio.TestTools.TestTypes.Unit.UnitTestAdapter, Microsoft.VisualStudio.QualityTools.Tips.UnitTest.Adapter, Version=9.0.0.0, Culture=neutral, PublicKeyToken=b03f5f7f11d50a3a" className="TestProject1.UnitTest1, TestProject1" name="UsageExample_Text" />
    </UnitTest>
    <UnitTest name="TestMethod1" storage="c:\workspace\imarda360.infrastructure\services\configuration\testproject1\bin\debug\testproject1.dll" id="bcbff09f-1bf5-328d-2908-9d4d9ded0753">
      <Css projectStructure="" iteration="" />
      <Owners>
        <Owner name="" />
      </Owners>
      <TestMethod codeBase="C:\Workspace\Imarda360.Infrastructure\Services\Configuration\TestProject1\bin\Debug\TestProject1.dll" adapterTypeName="Microsoft.VisualStudio.TestTools.TestTypes.Unit.UnitTestAdapter, Microsoft.VisualStudio.QualityTools.Tips.UnitTest.Adapter, Version=9.0.0.0, Culture=neutral, PublicKeyToken=b03f5f7f11d50a3a" className="TestProject1.UnitTest2, TestProject1" name="TestMethod1" />
    </UnitTest>
    <UnitTest name="ConfigItemsTextAppend" storage="c:\workspace\imarda360.infrastructure\services\configuration\testproject1\bin\debug\testproject1.dll" id="47e79bdb-c614-496a-9545-4641cb34d196">
      <Css projectStructure="" iteration="" />
      <Owners>
        <Owner name="" />
      </Owners>
      <Execution id="c49b1739-a291-4b7f-a040-a01350385d78" />
      <TestMethod codeBase="C:\Workspace\Imarda360.Infrastructure\Services\Configuration\TestProject1\bin\Debug\TestProject1.dll" adapterTypeName="Microsoft.VisualStudio.TestTools.TestTypes.Unit.UnitTestAdapter, Microsoft.VisualStudio.QualityTools.Tips.UnitTest.Adapter, Version=9.0.0.0, Culture=neutral, PublicKeyToken=b03f5f7f11d50a3a" className="TestProject1.UnitTest1, TestProject1" name="ConfigItemsTextAppend" />
    </UnitTest>
    <UnitTest name="ConfigItemsNumbers" storage="c:\workspace\imarda360.infrastructure\services\configuration\testproject1\bin\debug\testproject1.dll" id="4c731372-d1bd-12f4-338e-86c1720fc545">
      <Css projectStructure="" iteration="" />
      <Owners>
        <Owner name="" />
      </Owners>
      <Execution id="58ece29b-d7b0-4464-afa4-655429618fc9" />
      <TestMethod codeBase="C:\Workspace\Imarda360.Infrastructure\Services\Configuration\TestProject1\bin\Debug\TestProject1.dll" adapterTypeName="Microsoft.VisualStudio.TestTools.TestTypes.Unit.UnitTestAdapter, Microsoft.VisualStudio.QualityTools.Tips.UnitTest.Adapter, Version=9.0.0.0, Culture=neutral, PublicKeyToken=b03f5f7f11d50a3a" className="TestProject1.UnitTest1, TestProject1" name="ConfigItemsNumbers" />
    </UnitTest>
    <UnitTest name="ConfigItemsResolve" storage="c:\workspace\imarda360.infrastructure\services\configuration\testproject1\bin\debug\testproject1.dll" id="d28fd9ae-89de-2393-cb2e-0d7265a89b30">
      <Css projectStructure="" iteration="" />
      <Owners>
        <Owner name="" />
      </Owners>
      <Execution id="e699088e-554d-44d0-b33e-9ebfe5fd72c4" />
      <TestMethod codeBase="C:\Workspace\Imarda360.Infrastructure\Services\Configuration\TestProject1\bin\Debug\TestProject1.dll" adapterTypeName="Microsoft.VisualStudio.TestTools.TestTypes.Unit.UnitTestAdapter, Microsoft.VisualStudio.QualityTools.Tips.UnitTest.Adapter, Version=9.0.0.0, Culture=neutral, PublicKeyToken=b03f5f7f11d50a3a" className="TestProject1.UnitTest1, TestProject1" name="ConfigItemsResolve" />
    </UnitTest>
    <UnitTest name="ConfigItemSingularPluralText" storage="c:\workspace\imarda360.infrastructure\services\configuration\testproject1\bin\debug\testproject1.dll" id="130ed5c4-bdcb-2646-4ab1-f47320e5bed6">
      <Css projectStructure="" iteration="" />
      <Owners>
        <Owner name="" />
      </Owners>
      <Execution id="d88933f3-3134-4cab-8158-88a4a695a77c" />
      <TestMethod codeBase="C:\Workspace\Imarda360.Infrastructure\Services\Configuration\TestProject1\bin\Debug\TestProject1.dll" adapterTypeName="Microsoft.VisualStudio.TestTools.TestTypes.Unit.UnitTestAdapter, Microsoft.VisualStudio.QualityTools.Tips.UnitTest.Adapter, Version=9.0.0.0, Culture=neutral, PublicKeyToken=b03f5f7f11d50a3a" className="TestProject1.UnitTest1, TestProject1" name="ConfigItemSingularPluralText" />
    </UnitTest>
    <UnitTest name="InsertTest" storage="c:\workspace\imarda360.infrastructure\services\configuration\testproject1\bin\debug\testproject1.dll" id="3ca40dbe-a2dd-f2d5-4b54-ac7247f1c9fd">
      <Css projectStructure="" iteration="" />
      <Owners>
        <Owner name="" />
      </Owners>
      <Execution id="bb816d5f-4049-4472-9ba7-363e290d5ce5" />
      <TestMethod codeBase="C:\Workspace\Imarda360.Infrastructure\Services\Configuration\TestProject1\bin\Debug\TestProject1.dll" adapterTypeName="Microsoft.VisualStudio.TestTools.TestTypes.Unit.UnitTestAdapter, Microsoft.VisualStudio.QualityTools.Tips.UnitTest.Adapter, Version=9.0.0.0, Culture=neutral, PublicKeyToken=b03f5f7f11d50a3a" className="TestProject1.CfgColorTest, TestProject1" name="InsertTest" />
    </UnitTest>
    <UnitTest name="GetColorComponentFTest" storage="c:\workspace\imarda360.infrastructure\services\configuration\testproject1\bin\debug\testproject1.dll" id="5dc6a1e5-96eb-78e9-a1c3-5fa2c6ff4faa">
      <Css projectStructure="" iteration="" />
      <Owners>
        <Owner name="" />
      </Owners>
      <DeploymentItems>
        <DeploymentItem filename="ConfigManagement.dll" />
      </DeploymentItems>
      <Execution id="de54b070-3eb9-4dfa-a298-9bfd544f13eb" />
      <TestMethod codeBase="C:\Workspace\Imarda360.Infrastructure\Services\Configuration\TestProject1\bin\Debug\TestProject1.dll" adapterTypeName="Microsoft.VisualStudio.TestTools.TestTypes.Unit.UnitTestAdapter, Microsoft.VisualStudio.QualityTools.Tips.UnitTest.Adapter, Version=9.0.0.0, Culture=neutral, PublicKeyToken=b03f5f7f11d50a3a" className="TestProject1.CfgColorTest, TestProject1" name="GetColorComponentFTest" />
    </UnitTest>
    <UnitTest name="ToStringTest" storage="c:\workspace\imarda360.infrastructure\services\configuration\testproject1\bin\debug\testproject1.dll" id="0911b782-ccd6-ccaf-4095-e6ebd8e40b0b">
      <Css projectStructure="" iteration="" />
      <Owners>
        <Owner name="" />
      </Owners>
      <Execution id="2d571094-7844-4927-b3a4-dfe7e5727d20" />
      <TestMethod codeBase="C:\Workspace\Imarda360.Infrastructure\Services\Configuration\TestProject1\bin\Debug\TestProject1.dll" adapterTypeName="Microsoft.VisualStudio.TestTools.TestTypes.Unit.UnitTestAdapter, Microsoft.VisualStudio.QualityTools.Tips.UnitTest.Adapter, Version=9.0.0.0, Culture=neutral, PublicKeyToken=b03f5f7f11d50a3a" className="TestProject1.CfgColorTest, TestProject1" name="ToStringTest" />
    </UnitTest>
    <UnitTest name="InitializeTest" storage="c:\workspace\imarda360.infrastructure\services\configuration\testproject1\bin\debug\testproject1.dll" id="f45bd8e0-1eef-0282-1590-cf619cb2f01a">
      <Css projectStructure="" iteration="" />
      <Owners>
        <Owner name="" />
      </Owners>
      <Execution id="b14893b6-5ce2-420c-9b8b-259dd4ee2dc2" />
      <TestMethod codeBase="C:\Workspace\Imarda360.Infrastructure\Services\Configuration\TestProject1\bin\Debug\TestProject1.dll" adapterTypeName="Microsoft.VisualStudio.TestTools.TestTypes.Unit.UnitTestAdapter, Microsoft.VisualStudio.QualityTools.Tips.UnitTest.Adapter, Version=9.0.0.0, Culture=neutral, PublicKeyToken=b03f5f7f11d50a3a" className="TestProject1.CfgColorTest, TestProject1" name="InitializeTest" />
    </UnitTest>
    <UnitTest name="Populate" storage="c:\workspace\imarda360.infrastructure\services\configuration\testproject1\bin\debug\testproject1.dll" id="39191eb9-379c-e194-ed57-d42c656bd2c8">
      <Css projectStructure="" iteration="" />
      <Owners>
        <Owner name="" />
      </Owners>
      <Execution id="006a49ce-ab2e-48ab-8283-8b8113cd01b8" />
      <TestMethod codeBase="C:\Workspace\Imarda360.Infrastructure\Services\Configuration\TestProject1\bin\Debug\TestProject1.dll" adapterTypeName="Microsoft.VisualStudio.TestTools.TestTypes.Unit.UnitTestAdapter, Microsoft.VisualStudio.QualityTools.Tips.UnitTest.Adapter, Version=9.0.0.0, Culture=neutral, PublicKeyToken=b03f5f7f11d50a3a" className="TestProject1.UnitTest1, TestProject1" name="Populate" />
    </UnitTest>
    <UnitTest name="TestWrappers" storage="c:\workspace\imarda360.infrastructure\services\configuration\testproject1\bin\debug\testproject1.dll" id="642fef7b-1ed4-a43c-87e4-90ad275f0921">
      <Css projectStructure="" iteration="" />
      <Owners>
        <Owner name="" />
      </Owners>
      <Execution id="7a6fe014-e34c-4ff9-b992-d992da51ec9d" />
      <TestMethod codeBase="C:\Workspace\Imarda360.Infrastructure\Services\Configuration\TestProject1\bin\Debug\TestProject1.dll" adapterTypeName="Microsoft.VisualStudio.TestTools.TestTypes.Unit.UnitTestAdapter, Microsoft.VisualStudio.QualityTools.Tips.UnitTest.Adapter, Version=9.0.0.0, Culture=neutral, PublicKeyToken=b03f5f7f11d50a3a" className="TestProject1.UnitTest1, TestProject1" name="TestWrappers" />
    </UnitTest>
    <UnitTest name="TestColors" storage="c:\workspace\imarda360.infrastructure\services\configuration\testproject1\bin\debug\testproject1.dll" id="338c5d75-7a55-9d61-9454-4c6230f3bd13">
      <Css projectStructure="" iteration="" />
      <Owners>
        <Owner name="" />
      </Owners>
      <Execution id="a885ed70-67a9-40ad-9c07-00397650b2ad" />
      <TestMethod codeBase="C:\Workspace\Imarda360.Infrastructure\Services\Configuration\TestProject1\bin\Debug\TestProject1.dll" adapterTypeName="Microsoft.VisualStudio.TestTools.TestTypes.Unit.UnitTestAdapter, Microsoft.VisualStudio.QualityTools.Tips.UnitTest.Adapter, Version=9.0.0.0, Culture=neutral, PublicKeyToken=b03f5f7f11d50a3a" className="TestProject1.UnitTest1, TestProject1" name="TestColors" />
    </UnitTest>
    <UnitTest name="UsageExample_PreCalcApplicationParameter" storage="c:\workspace\imarda360.infrastructure\services\configuration\testproject1\bin\debug\testproject1.dll" id="a54def80-f22f-80f0-58ab-307977b2c8f0">
      <Css projectStructure="" iteration="" />
      <Owners>
        <Owner name="" />
      </Owners>
      <Execution id="2dfef00b-8abe-4c20-afac-35d66cefe472" />
      <TestMethod codeBase="C:\Workspace\Imarda360.Infrastructure\Services\Configuration\TestProject1\bin\Debug\TestProject1.dll" adapterTypeName="Microsoft.VisualStudio.TestTools.TestTypes.Unit.UnitTestAdapter, Microsoft.VisualStudio.QualityTools.Tips.UnitTest.Adapter, Version=9.0.0.0, Culture=neutral, PublicKeyToken=b03f5f7f11d50a3a" className="TestProject1.UnitTest1, TestProject1" name="UsageExample_PreCalcApplicationParameter" />
    </UnitTest>
    <UnitTest name="ConfigItemsTextInsert" storage="c:\workspace\imarda360.infrastructure\services\configuration\testproject1\bin\debug\testproject1.dll" id="474d9544-a5f4-2281-9003-6cc142b83eeb">
      <Css projectStructure="" iteration="" />
      <Owners>
        <Owner name="" />
      </Owners>
      <Execution id="9b46bf61-282f-4c6b-b390-f12879629060" />
      <TestMethod codeBase="C:\Workspace\Imarda360.Infrastructure\Services\Configuration\TestProject1\bin\Debug\TestProject1.dll" adapterTypeName="Microsoft.VisualStudio.TestTools.TestTypes.Unit.UnitTestAdapter, Microsoft.VisualStudio.QualityTools.Tips.UnitTest.Adapter, Version=9.0.0.0, Culture=neutral, PublicKeyToken=b03f5f7f11d50a3a" className="TestProject1.UnitTest1, TestProject1" name="ConfigItemsTextInsert" />
    </UnitTest>
    <UnitTest name="ConfigItemsTextIndex" storage="c:\workspace\imarda360.infrastructure\services\configuration\testproject1\bin\debug\testproject1.dll" id="c6bd3257-a3ff-1414-07ed-5ec4a607d301">
      <Css projectStructure="" iteration="" />
      <Owners>
        <Owner name="" />
      </Owners>
      <Execution id="0fcd8ec8-c76e-4ae1-a9db-5f44fe76478a" />
      <TestMethod codeBase="C:\Workspace\Imarda360.Infrastructure\Services\Configuration\TestProject1\bin\Debug\TestProject1.dll" adapterTypeName="Microsoft.VisualStudio.TestTools.TestTypes.Unit.UnitTestAdapter, Microsoft.VisualStudio.QualityTools.Tips.UnitTest.Adapter, Version=9.0.0.0, Culture=neutral, PublicKeyToken=b03f5f7f11d50a3a" className="TestProject1.UnitTest1, TestProject1" name="ConfigItemsTextIndex" />
    </UnitTest>
    <UnitTest name="ResolvingGuids" storage="c:\workspace\imarda360.infrastructure\services\configuration\testproject1\bin\debug\testproject1.dll" id="54a445f0-3491-f747-af69-a4f642bda2a3">
      <Css projectStructure="" iteration="" />
      <Owners>
        <Owner name="" />
      </Owners>
      <Execution id="7aea9a17-8378-4cdf-b98e-3b5709427cfe" />
      <TestMethod codeBase="C:\Workspace\Imarda360.Infrastructure\Services\Configuration\TestProject1\bin\Debug\TestProject1.dll" adapterTypeName="Microsoft.VisualStudio.TestTools.TestTypes.Unit.UnitTestAdapter, Microsoft.VisualStudio.QualityTools.Tips.UnitTest.Adapter, Version=9.0.0.0, Culture=neutral, PublicKeyToken=b03f5f7f11d50a3a" className="TestProject1.UnitTest1, TestProject1" name="ResolvingGuids" />
    </UnitTest>
    <UnitTest name="Populate2" storage="c:\workspace\imarda360.infrastructure\services\configuration\testproject1\bin\debug\testproject1.dll" id="f9ed410f-44df-8a64-6bde-812531ba3fac">
      <Css projectStructure="" iteration="" />
      <Owners>
        <Owner name="" />
      </Owners>
      <Execution id="e954ac54-7543-4d44-8c7f-58ee628f663e" />
      <TestMethod codeBase="C:\Workspace\Imarda360.Infrastructure\Services\Configuration\TestProject1\bin\Debug\TestProject1.dll" adapterTypeName="Microsoft.VisualStudio.TestTools.TestTypes.Unit.UnitTestAdapter, Microsoft.VisualStudio.QualityTools.Tips.UnitTest.Adapter, Version=9.0.0.0, Culture=neutral, PublicKeyToken=b03f5f7f11d50a3a" className="TestProject1.UnitTest1, TestProject1" name="Populate2" />
    </UnitTest>
    <UnitTest name="ConfigItemsTextBool" storage="c:\workspace\imarda360.infrastructure\services\configuration\testproject1\bin\debug\testproject1.dll" id="7db256fd-fa67-12ac-e346-24f1a0ebae2b">
      <Css projectStructure="" iteration="" />
      <Owners>
        <Owner name="" />
      </Owners>
      <Execution id="3fd3e4e4-2b77-4f70-b8df-5975501f126b" />
      <TestMethod codeBase="C:\Workspace\Imarda360.Infrastructure\Services\Configuration\TestProject1\bin\Debug\TestProject1.dll" adapterTypeName="Microsoft.VisualStudio.TestTools.TestTypes.Unit.UnitTestAdapter, Microsoft.VisualStudio.QualityTools.Tips.UnitTest.Adapter, Version=9.0.0.0, Culture=neutral, PublicKeyToken=b03f5f7f11d50a3a" className="TestProject1.UnitTest1, TestProject1" name="ConfigItemsTextBool" />
    </UnitTest>
  </TestDefinitions>
  <TestLists>
    <TestList name="Results Not in a List" id="8c84fa94-04c1-424b-9868-57a2d4851a1d" />
    <TestList name="All Loaded Results" id="19431567-8539-422a-85d7-44ee4e166bda" />
  </TestLists>
  <TestEntries>
    <TestEntry testId="0911b782-ccd6-ccaf-4095-e6ebd8e40b0b" executionId="2d571094-7844-4927-b3a4-dfe7e5727d20" testListId="8c84fa94-04c1-424b-9868-57a2d4851a1d" />
    <TestEntry testId="3ca40dbe-a2dd-f2d5-4b54-ac7247f1c9fd" executionId="bb816d5f-4049-4472-9ba7-363e290d5ce5" testListId="8c84fa94-04c1-424b-9868-57a2d4851a1d" />
    <TestEntry testId="f45bd8e0-1eef-0282-1590-cf619cb2f01a" executionId="b14893b6-5ce2-420c-9b8b-259dd4ee2dc2" testListId="8c84fa94-04c1-424b-9868-57a2d4851a1d" />
    <TestEntry testId="5dc6a1e5-96eb-78e9-a1c3-5fa2c6ff4faa" executionId="de54b070-3eb9-4dfa-a298-9bfd544f13eb" testListId="8c84fa94-04c1-424b-9868-57a2d4851a1d" />
    <TestEntry testId="39191eb9-379c-e194-ed57-d42c656bd2c8" executionId="006a49ce-ab2e-48ab-8283-8b8113cd01b8" testListId="8c84fa94-04c1-424b-9868-57a2d4851a1d" />
    <TestEntry testId="f9ed410f-44df-8a64-6bde-812531ba3fac" executionId="e954ac54-7543-4d44-8c7f-58ee628f663e" testListId="8c84fa94-04c1-424b-9868-57a2d4851a1d" />
    <TestEntry testId="474d9544-a5f4-2281-9003-6cc142b83eeb" executionId="9b46bf61-282f-4c6b-b390-f12879629060" testListId="8c84fa94-04c1-424b-9868-57a2d4851a1d" />
    <TestEntry testId="7db256fd-fa67-12ac-e346-24f1a0ebae2b" executionId="3fd3e4e4-2b77-4f70-b8df-5975501f126b" testListId="8c84fa94-04c1-424b-9868-57a2d4851a1d" />
    <TestEntry testId="c6bd3257-a3ff-1414-07ed-5ec4a607d301" executionId="0fcd8ec8-c76e-4ae1-a9db-5f44fe76478a" testListId="8c84fa94-04c1-424b-9868-57a2d4851a1d" />
    <TestEntry testId="130ed5c4-bdcb-2646-4ab1-f47320e5bed6" executionId="d88933f3-3134-4cab-8158-88a4a695a77c" testListId="8c84fa94-04c1-424b-9868-57a2d4851a1d" />
    <TestEntry testId="47e79bdb-c614-496a-9545-4641cb34d196" executionId="c49b1739-a291-4b7f-a040-a01350385d78" testListId="8c84fa94-04c1-424b-9868-57a2d4851a1d" />
    <TestEntry testId="4c731372-d1bd-12f4-338e-86c1720fc545" executionId="58ece29b-d7b0-4464-afa4-655429618fc9" testListId="8c84fa94-04c1-424b-9868-57a2d4851a1d" />
    <TestEntry testId="d28fd9ae-89de-2393-cb2e-0d7265a89b30" executionId="e699088e-554d-44d0-b33e-9ebfe5fd72c4" testListId="8c84fa94-04c1-424b-9868-57a2d4851a1d" />
    <TestEntry testId="f02b29eb-e632-3520-81e3-e7b795f31e46" executionId="3fb27ad4-a667-403e-800b-9001690e180e" testListId="8c84fa94-04c1-424b-9868-57a2d4851a1d" />
    <TestEntry testId="a54def80-f22f-80f0-58ab-307977b2c8f0" executionId="2dfef00b-8abe-4c20-afac-35d66cefe472" testListId="8c84fa94-04c1-424b-9868-57a2d4851a1d" />
    <TestEntry testId="54a445f0-3491-f747-af69-a4f642bda2a3" executionId="7aea9a17-8378-4cdf-b98e-3b5709427cfe" testListId="8c84fa94-04c1-424b-9868-57a2d4851a1d" />
    <TestEntry testId="338c5d75-7a55-9d61-9454-4c6230f3bd13" executionId="a885ed70-67a9-40ad-9c07-00397650b2ad" testListId="8c84fa94-04c1-424b-9868-57a2d4851a1d" />
    <TestEntry testId="642fef7b-1ed4-a43c-87e4-90ad275f0921" executionId="7a6fe014-e34c-4ff9-b992-d992da51ec9d" testListId="8c84fa94-04c1-424b-9868-57a2d4851a1d" />
    <TestEntry testId="bcbff09f-1bf5-328d-2908-9d4d9ded0753" executionId="69a9289d-3a4b-46e6-a625-26ef9fcc0dd4" testListId="8c84fa94-04c1-424b-9868-57a2d4851a1d" />
  </TestEntries>
  <Results>
    <UnitTestResult executionId="2d571094-7844-4927-b3a4-dfe7e5727d20" testId="0911b782-ccd6-ccaf-4095-e6ebd8e40b0b" testName="ToStringTest" computerName="INZ09PC016" duration="00:00:00.0160192" startTime="2009-05-11T16:27:21.2993458+12:00" endTime="2009-05-11T16:27:21.4868470+12:00" testType="13cdc9d9-ddb5-4fa4-a97d-d965ccfc6d4b" outcome="Passed" testListId="8c84fa94-04c1-424b-9868-57a2d4851a1d">
      <Output>
      </Output>
    </UnitTestResult>
    <UnitTestResult executionId="bb816d5f-4049-4472-9ba7-363e290d5ce5" testId="3ca40dbe-a2dd-f2d5-4b54-ac7247f1c9fd" testName="InsertTest" computerName="INZ09PC016" duration="00:00:00.0037937" startTime="2009-05-11T16:27:21.5024721+12:00" endTime="2009-05-11T16:27:21.5024721+12:00" testType="13cdc9d9-ddb5-4fa4-a97d-d965ccfc6d4b" outcome="Passed" testListId="8c84fa94-04c1-424b-9868-57a2d4851a1d">
      <Output>
      </Output>
    </UnitTestResult>
    <UnitTestResult executionId="b14893b6-5ce2-420c-9b8b-259dd4ee2dc2" testId="f45bd8e0-1eef-0282-1590-cf619cb2f01a" testName="InitializeTest" computerName="INZ09PC016" duration="00:00:00.0502380" startTime="2009-05-11T16:27:21.5024721+12:00" endTime="2009-05-11T16:27:21.5649725+12:00" testType="13cdc9d9-ddb5-4fa4-a97d-d965ccfc6d4b" outcome="Passed" testListId="8c84fa94-04c1-424b-9868-57a2d4851a1d">
      <Output>
      </Output>
    </UnitTestResult>
    <UnitTestResult executionId="de54b070-3eb9-4dfa-a298-9bfd544f13eb" testId="5dc6a1e5-96eb-78e9-a1c3-5fa2c6ff4faa" testName="GetColorComponentFTest" computerName="INZ09PC016" duration="00:00:00.0308434" startTime="2009-05-11T16:27:21.5649725+12:00" endTime="2009-05-11T16:27:21.5962227+12:00" testType="13cdc9d9-ddb5-4fa4-a97d-d965ccfc6d4b" outcome="Passed" testListId="8c84fa94-04c1-424b-9868-57a2d4851a1d">
      <Output>
      </Output>
    </UnitTestResult>
    <UnitTestResult executionId="006a49ce-ab2e-48ab-8283-8b8113cd01b8" testId="39191eb9-379c-e194-ed57-d42c656bd2c8" testName="Populate" computerName="INZ09PC016" duration="00:00:00.0089968" startTime="2009-05-11T16:27:21.5962227+12:00" endTime="2009-05-11T16:27:21.6118478+12:00" testType="13cdc9d9-ddb5-4fa4-a97d-d965ccfc6d4b" outcome="Passed" testListId="8c84fa94-04c1-424b-9868-57a2d4851a1d">
      <Output>
      </Output>
    </UnitTestResult>
    <UnitTestResult executionId="e954ac54-7543-4d44-8c7f-58ee628f663e" testId="f9ed410f-44df-8a64-6bde-812531ba3fac" testName="Populate2" computerName="INZ09PC016" duration="00:00:00.0120155" startTime="2009-05-11T16:27:21.6118478+12:00" endTime="2009-05-11T16:27:21.6274729+12:00" testType="13cdc9d9-ddb5-4fa4-a97d-d965ccfc6d4b" outcome="Passed" testListId="8c84fa94-04c1-424b-9868-57a2d4851a1d">
      <Output>
        <DebugTrace>Adding '214fcc47-8274-48f4-a190-84cbe8579d80', Type 'StringLiteral', Version: «Hello World»
Adding '66dc85d3-a779-4414-9857-002da6823924', Type 'StringWithArgs', Version: «String with {0} parameter placeholders»
Adding 'b984895a-78df-4f7a-a08a-4414bd28d64b', Type 'Integer', Version: «2008»
Adding '5beef1c3-ba97-456f-b3e2-f2bd2ba89047', Type 'Decimal', Version: «1.5»
Adding '8b703ba2-a99a-4753-b460-57771eafc1cb', Type 'Real', Version: «3.14159265358979»
Adding 'fc8f6041-ec79-4adb-895e-f587736bb985', Type 'Bool', Version: «1»
Adding '03af1283-c0a6-40e0-9243-7152ed3c6983', Type 'Xml', Version: «&lt;Hello&gt;Test&lt;/Hello&gt;»
</DebugTrace>
      </Output>
    </UnitTestResult>
    <UnitTestResult executionId="9b46bf61-282f-4c6b-b390-f12879629060" testId="474d9544-a5f4-2281-9003-6cc142b83eeb" testName="ConfigItemsTextInsert" computerName="INZ09PC016" duration="00:00:00.0012271" startTime="2009-05-11T16:27:21.6274729+12:00" endTime="2009-05-11T16:27:21.6430980+12:00" testType="13cdc9d9-ddb5-4fa4-a97d-d965ccfc6d4b" outcome="Passed" testListId="8c84fa94-04c1-424b-9868-57a2d4851a1d">
      <Output>
      </Output>
    </UnitTestResult>
    <UnitTestResult executionId="3fd3e4e4-2b77-4f70-b8df-5975501f126b" testId="7db256fd-fa67-12ac-e346-24f1a0ebae2b" testName="ConfigItemsTextBool" computerName="INZ09PC016" duration="00:00:00.0020926" startTime="2009-05-11T16:27:21.6430980+12:00" endTime="2009-05-11T16:27:21.6430980+12:00" testType="13cdc9d9-ddb5-4fa4-a97d-d965ccfc6d4b" outcome="Passed" testListId="8c84fa94-04c1-424b-9868-57a2d4851a1d">
      <Output>
      </Output>
    </UnitTestResult>
    <UnitTestResult executionId="0fcd8ec8-c76e-4ae1-a9db-5f44fe76478a" testId="c6bd3257-a3ff-1414-07ed-5ec4a607d301" testName="ConfigItemsTextIndex" computerName="INZ09PC016" duration="00:00:00.0065397" startTime="2009-05-11T16:27:21.6430980+12:00" endTime="2009-05-11T16:27:21.6587231+12:00" testType="13cdc9d9-ddb5-4fa4-a97d-d965ccfc6d4b" outcome="Passed" testListId="8c84fa94-04c1-424b-9868-57a2d4851a1d">
      <Output>
        <DebugTrace>Say #{no|yes|maybe|sometimes} if you #{don't ||could |sometimes }agree.
Say #{no|yes|maybe|sometimes} if you #{don't ||could |sometimes }agree.
Say #{no|yes|maybe|sometimes} if you #{don't ||could |sometimes }agree.
Say #{no|yes|maybe|sometimes} if you #{don't ||could |sometimes }agree.
Say #{no|yes|maybe|sometimes} if you #{don't ||could |sometimes }agree.
Say #{no|yes|maybe|sometimes} if you #{don't ||could |sometimes }agree.
Say #{no|yes|maybe|sometimes} if you #{don't ||could |sometimes }agree.
Say #{no|yes|maybe|sometimes} if you #{don't ||could |sometimes }agree.
Say #{no|yes|maybe|sometimes} if you #{don't ||could |sometimes }agree.
Say #{no|yes|maybe|sometimes} if you #{don't ||could |sometimes }agree.
Say #{no|yes|maybe|sometimes} if you #{don't ||could |sometimes }agree.
Say #{no|yes|maybe|sometimes} if you #{don't ||could |sometimes }agree.
</DebugTrace>
      </Output>
    </UnitTestResult>
    <UnitTestResult executionId="d88933f3-3134-4cab-8158-88a4a695a77c" testId="130ed5c4-bdcb-2646-4ab1-f47320e5bed6" testName="ConfigItemSingularPluralText" computerName="INZ09PC016" duration="00:00:00.0020242" startTime="2009-05-11T16:27:21.6587231+12:00" endTime="2009-05-11T16:27:21.6587231+12:00" testType="13cdc9d9-ddb5-4fa4-a97d-d965ccfc6d4b" outcome="Passed" testListId="8c84fa94-04c1-424b-9868-57a2d4851a1d">
      <Output>
        <DebugTrace>There #{is|are} #{} item#{|s}.
There #{is|are} #{} item#{|s}.
There #{is|are} #{} item#{|s}.
There #{is|are} #{} item#{|s}.
There #{is|are} #{} item#{|s}.
There #{is|are} #{} item#{|s}.
</DebugTrace>
      </Output>
    </UnitTestResult>
    <UnitTestResult executionId="c49b1739-a291-4b7f-a040-a01350385d78" testId="47e79bdb-c614-496a-9545-4641cb34d196" testName="ConfigItemsTextAppend" computerName="INZ09PC016" duration="00:00:00.0002635" startTime="2009-05-11T16:27:21.6743482+12:00" endTime="2009-05-11T16:27:21.6743482+12:00" testType="13cdc9d9-ddb5-4fa4-a97d-d965ccfc6d4b" outcome="Passed" testListId="8c84fa94-04c1-424b-9868-57a2d4851a1d">
      <Output>
      </Output>
    </UnitTestResult>
    <UnitTestResult executionId="58ece29b-d7b0-4464-afa4-655429618fc9" testId="4c731372-d1bd-12f4-338e-86c1720fc545" testName="ConfigItemsNumbers" computerName="INZ09PC016" duration="00:00:00.0011486" startTime="2009-05-11T16:27:21.6743482+12:00" endTime="2009-05-11T16:27:21.6743482+12:00" testType="13cdc9d9-ddb5-4fa4-a97d-d965ccfc6d4b" outcome="Passed" testListId="8c84fa94-04c1-424b-9868-57a2d4851a1d">
      <Output>
      </Output>
    </UnitTestResult>
    <UnitTestResult executionId="e699088e-554d-44d0-b33e-9ebfe5fd72c4" testId="d28fd9ae-89de-2393-cb2e-0d7265a89b30" testName="ConfigItemsResolve" computerName="INZ09PC016" duration="00:00:00.0013534" startTime="2009-05-11T16:27:21.6743482+12:00" endTime="2009-05-11T16:27:21.6899733+12:00" testType="13cdc9d9-ddb5-4fa4-a97d-d965ccfc6d4b" outcome="Passed" testListId="8c84fa94-04c1-424b-9868-57a2d4851a1d">
      <Output>
      </Output>
    </UnitTestResult>
    <UnitTestResult executionId="3fb27ad4-a667-403e-800b-9001690e180e" testId="f02b29eb-e632-3520-81e3-e7b795f31e46" testName="UsageExample_Text" computerName="INZ09PC016" duration="00:00:00.0007465" startTime="2009-05-11T16:27:21.6899733+12:00" endTime="2009-05-11T16:27:21.6899733+12:00" testType="13cdc9d9-ddb5-4fa4-a97d-d965ccfc6d4b" outcome="Passed" testListId="8c84fa94-04c1-424b-9868-57a2d4851a1d">
      <Output>
      </Output>
    </UnitTestResult>
    <UnitTestResult executionId="2dfef00b-8abe-4c20-afac-35d66cefe472" testId="a54def80-f22f-80f0-58ab-307977b2c8f0" testName="UsageExample_PreCalcApplicationParameter" computerName="INZ09PC016" duration="00:00:00.0009207" startTime="2009-05-11T16:27:21.6899733+12:00" endTime="2009-05-11T16:27:21.6899733+12:00" testType="13cdc9d9-ddb5-4fa4-a97d-d965ccfc6d4b" outcome="Passed" testListId="8c84fa94-04c1-424b-9868-57a2d4851a1d">
      <Output>
        <DebugTrace>#{|every day}
</DebugTrace>
      </Output>
    </UnitTestResult>
    <UnitTestResult executionId="7aea9a17-8378-4cdf-b98e-3b5709427cfe" testId="54a445f0-3491-f747-af69-a4f642bda2a3" testName="ResolvingGuids" computerName="INZ09PC016" duration="00:00:00.0024723" startTime="2009-05-11T16:27:21.7055984+12:00" endTime="2009-05-11T16:27:21.7055984+12:00" testType="13cdc9d9-ddb5-4fa4-a97d-d965ccfc6d4b" outcome="Passed" testListId="8c84fa94-04c1-424b-9868-57a2d4851a1d">
      <Output>
        <DebugTrace>#{by value|This is by reference: Third level}
</DebugTrace>
      </Output>
    </UnitTestResult>
    <UnitTestResult executionId="a885ed70-67a9-40ad-9c07-00397650b2ad" testId="338c5d75-7a55-9d61-9454-4c6230f3bd13" testName="TestColors" computerName="INZ09PC016" duration="00:00:00.0010223" startTime="2009-05-11T16:27:21.7055984+12:00" endTime="2009-05-11T16:27:21.7055984+12:00" testType="13cdc9d9-ddb5-4fa4-a97d-d965ccfc6d4b" outcome="Passed" testListId="8c84fa94-04c1-424b-9868-57a2d4851a1d">
      <Output>
      </Output>
    </UnitTestResult>
    <UnitTestResult executionId="7a6fe014-e34c-4ff9-b992-d992da51ec9d" testId="642fef7b-1ed4-a43c-87e4-90ad275f0921" testName="TestWrappers" computerName="INZ09PC016" duration="00:00:00.0023379" startTime="2009-05-11T16:27:21.7212235+12:00" endTime="2009-05-11T16:27:21.7212235+12:00" testType="13cdc9d9-ddb5-4fa4-a97d-d965ccfc6d4b" outcome="Passed" testListId="8c84fa94-04c1-424b-9868-57a2d4851a1d">
      <Output>
      </Output>
    </UnitTestResult>
    <UnitTestResult executionId="69a9289d-3a4b-46e6-a625-26ef9fcc0dd4" testId="bcbff09f-1bf5-328d-2908-9d4d9ded0753" testName="TestMethod1" computerName="INZ09PC016" duration="00:00:05.9375380" startTime="2009-05-11T16:27:21.7212235+12:00" endTime="2009-05-11T16:27:27.6587615+12:00" testType="13cdc9d9-ddb5-4fa4-a97d-d965ccfc6d4b" outcome="Aborted" testListId="8c84fa94-04c1-424b-9868-57a2d4851a1d">
    </UnitTestResult>
  </Results>
</TestRun>