<?xml version="1.0" encoding="UTF-8"?>
<TestRun id="1f345755-7faf-43dc-9028-86b2b0706a76" name="maurice.verheijen@INZ09PC016 2009-05-11 15:03:28" runUser="PROLIFICXNZ\maurice.verheijen" xmlns="http://microsoft.com/schemas/VisualStudio/TeamTest/2006">
  <TestRunConfiguration name="Default Run Configuration" id="d328800b-0ecc-4b3e-b5b1-a9c4a88c2e23">
    <Deployment runDeploymentRoot="C:\Workspace\Imarda360.Infrastructure\Services\Configuration\TestResults\maurice.verheijen_INZ09PC016 2009-05-11 15_03_28">
      <DeploymentItem filename="C:\Workspace\Imarda360.Infrastructure\Services\Configuration\ConfigManagement\bin\Debug\ConfigManagement.dll" />
    </Deployment>
    <Hosts skipUnhostableTests="false" />
    <TestTypeSpecific />
  </TestRunConfiguration>
  <ResultSummary outcome="Completed">
    <Counters total="18" executed="18" passed="18" error="0" failed="0" timeout="0" aborted="0" inconclusive="0" passedButRunAborted="0" notRunnable="0" notExecuted="0" disconnected="0" warning="0" completed="0" inProgress="0" pending="0" />
  </ResultSummary>
  <Times creation="2009-05-11T15:03:28.9837041+12:00" queuing="2009-05-11T15:03:29.9837105+12:00" start="2009-05-11T15:03:30.1243364+12:00" finish="2009-05-11T15:03:30.7649655+12:00" />
  <TestDefinitions>
    <UnitTest name="UsageExample_Text" storage="c:\workspace\imarda360.infrastructure\services\configuration\testproject1\bin\debug\testproject1.dll" id="f02b29eb-e632-3520-81e3-e7b795f31e46">
      <Css projectStructure="" iteration="" />
      <Owners>
        <Owner name="" />
      </Owners>
      <Execution id="1a7659a8-d47f-4f73-843e-eb5aa2dab36a" />
      <TestMethod codeBase="C:\Workspace\Imarda360.Infrastructure\Services\Configuration\TestProject1\bin\Debug\TestProject1.dll" adapterTypeName="Microsoft.VisualStudio.TestTools.TestTypes.Unit.UnitTestAdapter, Microsoft.VisualStudio.QualityTools.Tips.UnitTest.Adapter, Version=9.0.0.0, Culture=neutral, PublicKeyToken=b03f5f7f11d50a3a" className="TestProject1.UnitTest1, TestProject1" name="UsageExample_Text" />
    </UnitTest>
    <UnitTest name="ConfigItemsTextAppend" storage="c:\workspace\imarda360.infrastructure\services\configuration\testproject1\bin\debug\testproject1.dll" id="47e79bdb-c614-496a-9545-4641cb34d196">
      <Css projectStructure="" iteration="" />
      <Owners>
        <Owner name="" />
      </Owners>
      <Execution id="b27144ce-b4dd-4dcc-b565-4efde9fd41d7" />
      <TestMethod codeBase="C:\Workspace\Imarda360.Infrastructure\Services\Configuration\TestProject1\bin\Debug\TestProject1.dll" adapterTypeName="Microsoft.VisualStudio.TestTools.TestTypes.Unit.UnitTestAdapter, Microsoft.VisualStudio.QualityTools.Tips.UnitTest.Adapter, Version=9.0.0.0, Culture=neutral, PublicKeyToken=b03f5f7f11d50a3a" className="TestProject1.UnitTest1, TestProject1" name="ConfigItemsTextAppend" />
    </UnitTest>
    <UnitTest name="ConfigItemsNumbers" storage="c:\workspace\imarda360.infrastructure\services\configuration\testproject1\bin\debug\testproject1.dll" id="4c731372-d1bd-12f4-338e-86c1720fc545">
      <Css projectStructure="" iteration="" />
      <Owners>
        <Owner name="" />
      </Owners>
      <Execution id="ea298b79-44e5-4f1a-af50-0593280b1981" />
      <TestMethod codeBase="C:\Workspace\Imarda360.Infrastructure\Services\Configuration\TestProject1\bin\Debug\TestProject1.dll" adapterTypeName="Microsoft.VisualStudio.TestTools.TestTypes.Unit.UnitTestAdapter, Microsoft.VisualStudio.QualityTools.Tips.UnitTest.Adapter, Version=9.0.0.0, Culture=neutral, PublicKeyToken=b03f5f7f11d50a3a" className="TestProject1.UnitTest1, TestProject1" name="ConfigItemsNumbers" />
    </UnitTest>
    <UnitTest name="ConfigItemsResolve" storage="c:\workspace\imarda360.infrastructure\services\configuration\testproject1\bin\debug\testproject1.dll" id="d28fd9ae-89de-2393-cb2e-0d7265a89b30">
      <Css projectStructure="" iteration="" />
      <Owners>
        <Owner name="" />
      </Owners>
      <Execution id="7069f0cb-7098-486f-af21-7885756dea5d" />
      <TestMethod codeBase="C:\Workspace\Imarda360.Infrastructure\Services\Configuration\TestProject1\bin\Debug\TestProject1.dll" adapterTypeName="Microsoft.VisualStudio.TestTools.TestTypes.Unit.UnitTestAdapter, Microsoft.VisualStudio.QualityTools.Tips.UnitTest.Adapter, Version=9.0.0.0, Culture=neutral, PublicKeyToken=b03f5f7f11d50a3a" className="TestProject1.UnitTest1, TestProject1" name="ConfigItemsResolve" />
    </UnitTest>
    <UnitTest name="ConfigItemSingularPluralText" storage="c:\workspace\imarda360.infrastructure\services\configuration\testproject1\bin\debug\testproject1.dll" id="130ed5c4-bdcb-2646-4ab1-f47320e5bed6">
      <Css projectStructure="" iteration="" />
      <Owners>
        <Owner name="" />
      </Owners>
      <Execution id="ed26c8f3-1e81-4c6e-a824-bb72992d74a2" />
      <TestMethod codeBase="C:\Workspace\Imarda360.Infrastructure\Services\Configuration\TestProject1\bin\Debug\TestProject1.dll" adapterTypeName="Microsoft.VisualStudio.TestTools.TestTypes.Unit.UnitTestAdapter, Microsoft.VisualStudio.QualityTools.Tips.UnitTest.Adapter, Version=9.0.0.0, Culture=neutral, PublicKeyToken=b03f5f7f11d50a3a" className="TestProject1.UnitTest1, TestProject1" name="ConfigItemSingularPluralText" />
    </UnitTest>
    <UnitTest name="InsertTest" storage="c:\workspace\imarda360.infrastructure\services\configuration\testproject1\bin\debug\testproject1.dll" id="3ca40dbe-a2dd-f2d5-4b54-ac7247f1c9fd">
      <Css projectStructure="" iteration="" />
      <Owners>
        <Owner name="" />
      </Owners>
      <Execution id="f7225a36-b8ee-4885-8f1b-45d04ef45b29" />
      <TestMethod codeBase="C:\Workspace\Imarda360.Infrastructure\Services\Configuration\TestProject1\bin\Debug\TestProject1.dll" adapterTypeName="Microsoft.VisualStudio.TestTools.TestTypes.Unit.UnitTestAdapter, Microsoft.VisualStudio.QualityTools.Tips.UnitTest.Adapter, Version=9.0.0.0, Culture=neutral, PublicKeyToken=b03f5f7f11d50a3a" className="TestProject1.CfgColorTest, TestProject1" name="InsertTest" />
    </UnitTest>
    <UnitTest name="GetColorComponentFTest" storage="c:\workspace\imarda360.infrastructure\services\configuration\testproject1\bin\debug\testproject1.dll" id="5dc6a1e5-96eb-78e9-a1c3-5fa2c6ff4faa">
      <Css projectStructure="" iteration="" />
      <Owners>
        <Owner name="" />
      </Owners>
      <DeploymentItems>
        <DeploymentItem filename="ConfigManagement.dll" />
      </DeploymentItems>
      <Execution id="bbd41a6b-5e3f-4e6b-9dd2-b79374bc926c" />
      <TestMethod codeBase="C:\Workspace\Imarda360.Infrastructure\Services\Configuration\TestProject1\bin\Debug\TestProject1.dll" adapterTypeName="Microsoft.VisualStudio.TestTools.TestTypes.Unit.UnitTestAdapter, Microsoft.VisualStudio.QualityTools.Tips.UnitTest.Adapter, Version=9.0.0.0, Culture=neutral, PublicKeyToken=b03f5f7f11d50a3a" className="TestProject1.CfgColorTest, TestProject1" name="GetColorComponentFTest" />
    </UnitTest>
    <UnitTest name="ToStringTest" storage="c:\workspace\imarda360.infrastructure\services\configuration\testproject1\bin\debug\testproject1.dll" id="0911b782-ccd6-ccaf-4095-e6ebd8e40b0b">
      <Css projectStructure="" iteration="" />
      <Owners>
        <Owner name="" />
      </Owners>
      <Execution id="01106d4f-1c39-459e-a02d-5be4978bde09" />
      <TestMethod codeBase="C:\Workspace\Imarda360.Infrastructure\Services\Configuration\TestProject1\bin\Debug\TestProject1.dll" adapterTypeName="Microsoft.VisualStudio.TestTools.TestTypes.Unit.UnitTestAdapter, Microsoft.VisualStudio.QualityTools.Tips.UnitTest.Adapter, Version=9.0.0.0, Culture=neutral, PublicKeyToken=b03f5f7f11d50a3a" className="TestProject1.CfgColorTest, TestProject1" name="ToStringTest" />
    </UnitTest>
    <UnitTest name="InitializeTest" storage="c:\workspace\imarda360.infrastructure\services\configuration\testproject1\bin\debug\testproject1.dll" id="f45bd8e0-1eef-0282-1590-cf619cb2f01a">
      <Css projectStructure="" iteration="" />
      <Owners>
        <Owner name="" />
      </Owners>
      <Execution id="60e2ada5-87a7-43f9-8d4a-3ba9512c75a2" />
      <TestMethod codeBase="C:\Workspace\Imarda360.Infrastructure\Services\Configuration\TestProject1\bin\Debug\TestProject1.dll" adapterTypeName="Microsoft.VisualStudio.TestTools.TestTypes.Unit.UnitTestAdapter, Microsoft.VisualStudio.QualityTools.Tips.UnitTest.Adapter, Version=9.0.0.0, Culture=neutral, PublicKeyToken=b03f5f7f11d50a3a" className="TestProject1.CfgColorTest, TestProject1" name="InitializeTest" />
    </UnitTest>
    <UnitTest name="Populate" storage="c:\workspace\imarda360.infrastructure\services\configuration\testproject1\bin\debug\testproject1.dll" id="39191eb9-379c-e194-ed57-d42c656bd2c8">
      <Css projectStructure="" iteration="" />
      <Owners>
        <Owner name="" />
      </Owners>
      <Execution id="e11e53a1-4b5d-4ebb-abd9-adab850dfcb4" />
      <TestMethod codeBase="C:\Workspace\Imarda360.Infrastructure\Services\Configuration\TestProject1\bin\Debug\TestProject1.dll" adapterTypeName="Microsoft.VisualStudio.TestTools.TestTypes.Unit.UnitTestAdapter, Microsoft.VisualStudio.QualityTools.Tips.UnitTest.Adapter, Version=9.0.0.0, Culture=neutral, PublicKeyToken=b03f5f7f11d50a3a" className="TestProject1.UnitTest1, TestProject1" name="Populate" />
    </UnitTest>
    <UnitTest name="TestWrappers" storage="c:\workspace\imarda360.infrastructure\services\configuration\testproject1\bin\debug\testproject1.dll" id="642fef7b-1ed4-a43c-87e4-90ad275f0921">
      <Css projectStructure="" iteration="" />
      <Owners>
        <Owner name="" />
      </Owners>
      <Execution id="e978b2d4-f684-4a4c-b9be-f96567d438ba" />
      <TestMethod codeBase="C:\Workspace\Imarda360.Infrastructure\Services\Configuration\TestProject1\bin\Debug\TestProject1.dll" adapterTypeName="Microsoft.VisualStudio.TestTools.TestTypes.Unit.UnitTestAdapter, Microsoft.VisualStudio.QualityTools.Tips.UnitTest.Adapter, Version=9.0.0.0, Culture=neutral, PublicKeyToken=b03f5f7f11d50a3a" className="TestProject1.UnitTest1, TestProject1" name="TestWrappers" />
    </UnitTest>
    <UnitTest name="TestColors" storage="c:\workspace\imarda360.infrastructure\services\configuration\testproject1\bin\debug\testproject1.dll" id="338c5d75-7a55-9d61-9454-4c6230f3bd13">
      <Css projectStructure="" iteration="" />
      <Owners>
        <Owner name="" />
      </Owners>
      <Execution id="b479b941-d7fa-481c-9669-4bd394af157d" />
      <TestMethod codeBase="C:\Workspace\Imarda360.Infrastructure\Services\Configuration\TestProject1\bin\Debug\TestProject1.dll" adapterTypeName="Microsoft.VisualStudio.TestTools.TestTypes.Unit.UnitTestAdapter, Microsoft.VisualStudio.QualityTools.Tips.UnitTest.Adapter, Version=9.0.0.0, Culture=neutral, PublicKeyToken=b03f5f7f11d50a3a" className="TestProject1.UnitTest1, TestProject1" name="TestColors" />
    </UnitTest>
    <UnitTest name="UsageExample_PreCalcApplicationParameter" storage="c:\workspace\imarda360.infrastructure\services\configuration\testproject1\bin\debug\testproject1.dll" id="a54def80-f22f-80f0-58ab-307977b2c8f0">
      <Css projectStructure="" iteration="" />
      <Owners>
        <Owner name="" />
      </Owners>
      <Execution id="dd1a97f6-7e13-461b-91a2-4b67bc701a77" />
      <TestMethod codeBase="C:\Workspace\Imarda360.Infrastructure\Services\Configuration\TestProject1\bin\Debug\TestProject1.dll" adapterTypeName="Microsoft.VisualStudio.TestTools.TestTypes.Unit.UnitTestAdapter, Microsoft.VisualStudio.QualityTools.Tips.UnitTest.Adapter, Version=9.0.0.0, Culture=neutral, PublicKeyToken=b03f5f7f11d50a3a" className="TestProject1.UnitTest1, TestProject1" name="UsageExample_PreCalcApplicationParameter" />
    </UnitTest>
    <UnitTest name="ConfigItemsTextInsert" storage="c:\workspace\imarda360.infrastructure\services\configuration\testproject1\bin\debug\testproject1.dll" id="474d9544-a5f4-2281-9003-6cc142b83eeb">
      <Css projectStructure="" iteration="" />
      <Owners>
        <Owner name="" />
      </Owners>
      <Execution id="5828c312-44aa-478f-90cd-09e84ed5a439" />
      <TestMethod codeBase="C:\Workspace\Imarda360.Infrastructure\Services\Configuration\TestProject1\bin\Debug\TestProject1.dll" adapterTypeName="Microsoft.VisualStudio.TestTools.TestTypes.Unit.UnitTestAdapter, Microsoft.VisualStudio.QualityTools.Tips.UnitTest.Adapter, Version=9.0.0.0, Culture=neutral, PublicKeyToken=b03f5f7f11d50a3a" className="TestProject1.UnitTest1, TestProject1" name="ConfigItemsTextInsert" />
    </UnitTest>
    <UnitTest name="ConfigItemsTextIndex" storage="c:\workspace\imarda360.infrastructure\services\configuration\testproject1\bin\debug\testproject1.dll" id="c6bd3257-a3ff-1414-07ed-5ec4a607d301">
      <Css projectStructure="" iteration="" />
      <Owners>
        <Owner name="" />
      </Owners>
      <Execution id="cd50c475-6c99-443f-a821-545933304eed" />
      <TestMethod codeBase="C:\Workspace\Imarda360.Infrastructure\Services\Configuration\TestProject1\bin\Debug\TestProject1.dll" adapterTypeName="Microsoft.VisualStudio.TestTools.TestTypes.Unit.UnitTestAdapter, Microsoft.VisualStudio.QualityTools.Tips.UnitTest.Adapter, Version=9.0.0.0, Culture=neutral, PublicKeyToken=b03f5f7f11d50a3a" className="TestProject1.UnitTest1, TestProject1" name="ConfigItemsTextIndex" />
    </UnitTest>
    <UnitTest name="ResolvingGuids" storage="c:\workspace\imarda360.infrastructure\services\configuration\testproject1\bin\debug\testproject1.dll" id="54a445f0-3491-f747-af69-a4f642bda2a3">
      <Css projectStructure="" iteration="" />
      <Owners>
        <Owner name="" />
      </Owners>
      <Execution id="c0c14475-eeea-4e86-89b4-036dda9599e5" />
      <TestMethod codeBase="C:\Workspace\Imarda360.Infrastructure\Services\Configuration\TestProject1\bin\Debug\TestProject1.dll" adapterTypeName="Microsoft.VisualStudio.TestTools.TestTypes.Unit.UnitTestAdapter, Microsoft.VisualStudio.QualityTools.Tips.UnitTest.Adapter, Version=9.0.0.0, Culture=neutral, PublicKeyToken=b03f5f7f11d50a3a" className="TestProject1.UnitTest1, TestProject1" name="ResolvingGuids" />
    </UnitTest>
    <UnitTest name="Populate2" storage="c:\workspace\imarda360.infrastructure\services\configuration\testproject1\bin\debug\testproject1.dll" id="f9ed410f-44df-8a64-6bde-812531ba3fac">
      <Css projectStructure="" iteration="" />
      <Owners>
        <Owner name="" />
      </Owners>
      <Execution id="91f768a8-0c5e-4bd7-8f55-e6f1a469275f" />
      <TestMethod codeBase="C:\Workspace\Imarda360.Infrastructure\Services\Configuration\TestProject1\bin\Debug\TestProject1.dll" adapterTypeName="Microsoft.VisualStudio.TestTools.TestTypes.Unit.UnitTestAdapter, Microsoft.VisualStudio.QualityTools.Tips.UnitTest.Adapter, Version=9.0.0.0, Culture=neutral, PublicKeyToken=b03f5f7f11d50a3a" className="TestProject1.UnitTest1, TestProject1" name="Populate2" />
    </UnitTest>
    <UnitTest name="ConfigItemsTextBool" storage="c:\workspace\imarda360.infrastructure\services\configuration\testproject1\bin\debug\testproject1.dll" id="7db256fd-fa67-12ac-e346-24f1a0ebae2b">
      <Css projectStructure="" iteration="" />
      <Owners>
        <Owner name="" />
      </Owners>
      <Execution id="05dbb10c-5ca2-49fb-be4a-9b0c983d5f51" />
      <TestMethod codeBase="C:\Workspace\Imarda360.Infrastructure\Services\Configuration\TestProject1\bin\Debug\TestProject1.dll" adapterTypeName="Microsoft.VisualStudio.TestTools.TestTypes.Unit.UnitTestAdapter, Microsoft.VisualStudio.QualityTools.Tips.UnitTest.Adapter, Version=9.0.0.0, Culture=neutral, PublicKeyToken=b03f5f7f11d50a3a" className="TestProject1.UnitTest1, TestProject1" name="ConfigItemsTextBool" />
    </UnitTest>
  </TestDefinitions>
  <TestLists>
    <TestList name="Results Not in a List" id="8c84fa94-04c1-424b-9868-57a2d4851a1d" />
    <TestList name="All Loaded Results" id="19431567-8539-422a-85d7-44ee4e166bda" />
  </TestLists>
  <TestEntries>
    <TestEntry testId="0911b782-ccd6-ccaf-4095-e6ebd8e40b0b" executionId="01106d4f-1c39-459e-a02d-5be4978bde09" testListId="8c84fa94-04c1-424b-9868-57a2d4851a1d" />
    <TestEntry testId="3ca40dbe-a2dd-f2d5-4b54-ac7247f1c9fd" executionId="f7225a36-b8ee-4885-8f1b-45d04ef45b29" testListId="8c84fa94-04c1-424b-9868-57a2d4851a1d" />
    <TestEntry testId="f45bd8e0-1eef-0282-1590-cf619cb2f01a" executionId="60e2ada5-87a7-43f9-8d4a-3ba9512c75a2" testListId="8c84fa94-04c1-424b-9868-57a2d4851a1d" />
    <TestEntry testId="5dc6a1e5-96eb-78e9-a1c3-5fa2c6ff4faa" executionId="bbd41a6b-5e3f-4e6b-9dd2-b79374bc926c" testListId="8c84fa94-04c1-424b-9868-57a2d4851a1d" />
    <TestEntry testId="39191eb9-379c-e194-ed57-d42c656bd2c8" executionId="e11e53a1-4b5d-4ebb-abd9-adab850dfcb4" testListId="8c84fa94-04c1-424b-9868-57a2d4851a1d" />
    <TestEntry testId="f9ed410f-44df-8a64-6bde-812531ba3fac" executionId="91f768a8-0c5e-4bd7-8f55-e6f1a469275f" testListId="8c84fa94-04c1-424b-9868-57a2d4851a1d" />
    <TestEntry testId="474d9544-a5f4-2281-9003-6cc142b83eeb" executionId="5828c312-44aa-478f-90cd-09e84ed5a439" testListId="8c84fa94-04c1-424b-9868-57a2d4851a1d" />
    <TestEntry testId="7db256fd-fa67-12ac-e346-24f1a0ebae2b" executionId="05dbb10c-5ca2-49fb-be4a-9b0c983d5f51" testListId="8c84fa94-04c1-424b-9868-57a2d4851a1d" />
    <TestEntry testId="c6bd3257-a3ff-1414-07ed-5ec4a607d301" executionId="cd50c475-6c99-443f-a821-545933304eed" testListId="8c84fa94-04c1-424b-9868-57a2d4851a1d" />
    <TestEntry testId="130ed5c4-bdcb-2646-4ab1-f47320e5bed6" executionId="ed26c8f3-1e81-4c6e-a824-bb72992d74a2" testListId="8c84fa94-04c1-424b-9868-57a2d4851a1d" />
    <TestEntry testId="47e79bdb-c614-496a-9545-4641cb34d196" executionId="b27144ce-b4dd-4dcc-b565-4efde9fd41d7" testListId="8c84fa94-04c1-424b-9868-57a2d4851a1d" />
    <TestEntry testId="4c731372-d1bd-12f4-338e-86c1720fc545" executionId="ea298b79-44e5-4f1a-af50-0593280b1981" testListId="8c84fa94-04c1-424b-9868-57a2d4851a1d" />
    <TestEntry testId="d28fd9ae-89de-2393-cb2e-0d7265a89b30" executionId="7069f0cb-7098-486f-af21-7885756dea5d" testListId="8c84fa94-04c1-424b-9868-57a2d4851a1d" />
    <TestEntry testId="f02b29eb-e632-3520-81e3-e7b795f31e46" executionId="1a7659a8-d47f-4f73-843e-eb5aa2dab36a" testListId="8c84fa94-04c1-424b-9868-57a2d4851a1d" />
    <TestEntry testId="a54def80-f22f-80f0-58ab-307977b2c8f0" executionId="dd1a97f6-7e13-461b-91a2-4b67bc701a77" testListId="8c84fa94-04c1-424b-9868-57a2d4851a1d" />
    <TestEntry testId="54a445f0-3491-f747-af69-a4f642bda2a3" executionId="c0c14475-eeea-4e86-89b4-036dda9599e5" testListId="8c84fa94-04c1-424b-9868-57a2d4851a1d" />
    <TestEntry testId="338c5d75-7a55-9d61-9454-4c6230f3bd13" executionId="b479b941-d7fa-481c-9669-4bd394af157d" testListId="8c84fa94-04c1-424b-9868-57a2d4851a1d" />
    <TestEntry testId="642fef7b-1ed4-a43c-87e4-90ad275f0921" executionId="e978b2d4-f684-4a4c-b9be-f96567d438ba" testListId="8c84fa94-04c1-424b-9868-57a2d4851a1d" />
  </TestEntries>
  <Results>
    <UnitTestResult executionId="01106d4f-1c39-459e-a02d-5be4978bde09" testId="0911b782-ccd6-ccaf-4095-e6ebd8e40b0b" testName="ToStringTest" computerName="INZ09PC016" duration="00:00:00.0162182" startTime="2009-05-11T15:03:30.1868368+12:00" endTime="2009-05-11T15:03:30.5149639+12:00" testType="13cdc9d9-ddb5-4fa4-a97d-d965ccfc6d4b" outcome="Passed" testListId="8c84fa94-04c1-424b-9868-57a2d4851a1d">
      <Output>
      </Output>
    </UnitTestResult>
    <UnitTestResult executionId="f7225a36-b8ee-4885-8f1b-45d04ef45b29" testId="3ca40dbe-a2dd-f2d5-4b54-ac7247f1c9fd" testName="InsertTest" computerName="INZ09PC016" duration="00:00:00.0038001" startTime="2009-05-11T15:03:30.5149639+12:00" endTime="2009-05-11T15:03:30.5149639+12:00" testType="13cdc9d9-ddb5-4fa4-a97d-d965ccfc6d4b" outcome="Passed" testListId="8c84fa94-04c1-424b-9868-57a2d4851a1d">
      <Output>
      </Output>
    </UnitTestResult>
    <UnitTestResult executionId="60e2ada5-87a7-43f9-8d4a-3ba9512c75a2" testId="f45bd8e0-1eef-0282-1590-cf619cb2f01a" testName="InitializeTest" computerName="INZ09PC016" duration="00:00:00.0217470" startTime="2009-05-11T15:03:30.5305890+12:00" endTime="2009-05-11T15:03:30.5462141+12:00" testType="13cdc9d9-ddb5-4fa4-a97d-d965ccfc6d4b" outcome="Passed" testListId="8c84fa94-04c1-424b-9868-57a2d4851a1d">
      <Output>
      </Output>
    </UnitTestResult>
    <UnitTestResult executionId="bbd41a6b-5e3f-4e6b-9dd2-b79374bc926c" testId="5dc6a1e5-96eb-78e9-a1c3-5fa2c6ff4faa" testName="GetColorComponentFTest" computerName="INZ09PC016" duration="00:00:00.0328335" startTime="2009-05-11T15:03:30.5618392+12:00" endTime="2009-05-11T15:03:30.5930894+12:00" testType="13cdc9d9-ddb5-4fa4-a97d-d965ccfc6d4b" outcome="Passed" testListId="8c84fa94-04c1-424b-9868-57a2d4851a1d">
      <Output>
      </Output>
    </UnitTestResult>
    <UnitTestResult executionId="e11e53a1-4b5d-4ebb-abd9-adab850dfcb4" testId="39191eb9-379c-e194-ed57-d42c656bd2c8" testName="Populate" computerName="INZ09PC016" duration="00:00:00.0091085" startTime="2009-05-11T15:03:30.5930894+12:00" endTime="2009-05-11T15:03:30.6087145+12:00" testType="13cdc9d9-ddb5-4fa4-a97d-d965ccfc6d4b" outcome="Passed" testListId="8c84fa94-04c1-424b-9868-57a2d4851a1d">
      <Output>
      </Output>
    </UnitTestResult>
    <UnitTestResult executionId="91f768a8-0c5e-4bd7-8f55-e6f1a469275f" testId="f9ed410f-44df-8a64-6bde-812531ba3fac" testName="Populate2" computerName="INZ09PC016" duration="00:00:00.0119896" startTime="2009-05-11T15:03:30.6087145+12:00" endTime="2009-05-11T15:03:30.6243396+12:00" testType="13cdc9d9-ddb5-4fa4-a97d-d965ccfc6d4b" outcome="Passed" testListId="8c84fa94-04c1-424b-9868-57a2d4851a1d">
      <Output>
        <DebugTrace>Adding '214fcc47-8274-48f4-a190-84cbe8579d80', Type 'StringLiteral', Version: «Hello World»
Adding '66dc85d3-a779-4414-9857-002da6823924', Type 'StringWithArgs', Version: «String with {0} parameter placeholders»
Adding 'b984895a-78df-4f7a-a08a-4414bd28d64b', Type 'Integer', Version: «2008»
Adding '5beef1c3-ba97-456f-b3e2-f2bd2ba89047', Type 'Decimal', Version: «1.5»
Adding '8b703ba2-a99a-4753-b460-57771eafc1cb', Type 'Real', Version: «3.14159265358979»
Adding 'fc8f6041-ec79-4adb-895e-f587736bb985', Type 'Bool', Version: «1»
Adding '03af1283-c0a6-40e0-9243-7152ed3c6983', Type 'Xml', Version: «&lt;Hello&gt;Test&lt;/Hello&gt;»
</DebugTrace>
      </Output>
    </UnitTestResult>
    <UnitTestResult executionId="5828c312-44aa-478f-90cd-09e84ed5a439" testId="474d9544-a5f4-2281-9003-6cc142b83eeb" testName="ConfigItemsTextInsert" computerName="INZ09PC016" duration="00:00:00.0012407" startTime="2009-05-11T15:03:30.6243396+12:00" endTime="2009-05-11T15:03:30.6399647+12:00" testType="13cdc9d9-ddb5-4fa4-a97d-d965ccfc6d4b" outcome="Passed" testListId="8c84fa94-04c1-424b-9868-57a2d4851a1d">
      <Output>
      </Output>
    </UnitTestResult>
    <UnitTestResult executionId="05dbb10c-5ca2-49fb-be4a-9b0c983d5f51" testId="7db256fd-fa67-12ac-e346-24f1a0ebae2b" testName="ConfigItemsTextBool" computerName="INZ09PC016" duration="00:00:00.0020809" startTime="2009-05-11T15:03:30.6399647+12:00" endTime="2009-05-11T15:03:30.6399647+12:00" testType="13cdc9d9-ddb5-4fa4-a97d-d965ccfc6d4b" outcome="Passed" testListId="8c84fa94-04c1-424b-9868-57a2d4851a1d">
      <Output>
      </Output>
    </UnitTestResult>
    <UnitTestResult executionId="cd50c475-6c99-443f-a821-545933304eed" testId="c6bd3257-a3ff-1414-07ed-5ec4a607d301" testName="ConfigItemsTextIndex" computerName="INZ09PC016" duration="00:00:00.0040379" startTime="2009-05-11T15:03:30.6399647+12:00" endTime="2009-05-11T15:03:30.6555898+12:00" testType="13cdc9d9-ddb5-4fa4-a97d-d965ccfc6d4b" outcome="Passed" testListId="8c84fa94-04c1-424b-9868-57a2d4851a1d">
      <Output>
        <DebugTrace>Say #{no|yes|maybe|sometimes} if you #{don't ||could |sometimes }agree.
Say #{no|yes|maybe|sometimes} if you #{don't ||could |sometimes }agree.
Say #{no|yes|maybe|sometimes} if you #{don't ||could |sometimes }agree.
Say #{no|yes|maybe|sometimes} if you #{don't ||could |sometimes }agree.
Say #{no|yes|maybe|sometimes} if you #{don't ||could |sometimes }agree.
Say #{no|yes|maybe|sometimes} if you #{don't ||could |sometimes }agree.
Say #{no|yes|maybe|sometimes} if you #{don't ||could |sometimes }agree.
Say #{no|yes|maybe|sometimes} if you #{don't ||could |sometimes }agree.
Say #{no|yes|maybe|sometimes} if you #{don't ||could |sometimes }agree.
Say #{no|yes|maybe|sometimes} if you #{don't ||could |sometimes }agree.
Say #{no|yes|maybe|sometimes} if you #{don't ||could |sometimes }agree.
Say #{no|yes|maybe|sometimes} if you #{don't ||could |sometimes }agree.
</DebugTrace>
      </Output>
    </UnitTestResult>
    <UnitTestResult executionId="ed26c8f3-1e81-4c6e-a824-bb72992d74a2" testId="130ed5c4-bdcb-2646-4ab1-f47320e5bed6" testName="ConfigItemSingularPluralText" computerName="INZ09PC016" duration="00:00:00.0020104" startTime="2009-05-11T15:03:30.6555898+12:00" endTime="2009-05-11T15:03:30.6555898+12:00" testType="13cdc9d9-ddb5-4fa4-a97d-d965ccfc6d4b" outcome="Passed" testListId="8c84fa94-04c1-424b-9868-57a2d4851a1d">
      <Output>
        <DebugTrace>There #{is|are} #{} item#{|s}.
There #{is|are} #{} item#{|s}.
There #{is|are} #{} item#{|s}.
There #{is|are} #{} item#{|s}.
There #{is|are} #{} item#{|s}.
There #{is|are} #{} item#{|s}.
</DebugTrace>
      </Output>
    </UnitTestResult>
    <UnitTestResult executionId="b27144ce-b4dd-4dcc-b565-4efde9fd41d7" testId="47e79bdb-c614-496a-9545-4641cb34d196" testName="ConfigItemsTextAppend" computerName="INZ09PC016" duration="00:00:00.0002697" startTime="2009-05-11T15:03:30.6712149+12:00" endTime="2009-05-11T15:03:30.6712149+12:00" testType="13cdc9d9-ddb5-4fa4-a97d-d965ccfc6d4b" outcome="Passed" testListId="8c84fa94-04c1-424b-9868-57a2d4851a1d">
      <Output>
      </Output>
    </UnitTestResult>
    <UnitTestResult executionId="ea298b79-44e5-4f1a-af50-0593280b1981" testId="4c731372-d1bd-12f4-338e-86c1720fc545" testName="ConfigItemsNumbers" computerName="INZ09PC016" duration="00:00:00.0012234" startTime="2009-05-11T15:03:30.6712149+12:00" endTime="2009-05-11T15:03:30.6712149+12:00" testType="13cdc9d9-ddb5-4fa4-a97d-d965ccfc6d4b" outcome="Passed" testListId="8c84fa94-04c1-424b-9868-57a2d4851a1d">
      <Output>
      </Output>
    </UnitTestResult>
    <UnitTestResult executionId="7069f0cb-7098-486f-af21-7885756dea5d" testId="d28fd9ae-89de-2393-cb2e-0d7265a89b30" testName="ConfigItemsResolve" computerName="INZ09PC016" duration="00:00:00.0014098" startTime="2009-05-11T15:03:30.6712149+12:00" endTime="2009-05-11T15:03:30.6868400+12:00" testType="13cdc9d9-ddb5-4fa4-a97d-d965ccfc6d4b" outcome="Passed" testListId="8c84fa94-04c1-424b-9868-57a2d4851a1d">
      <Output>
      </Output>
    </UnitTestResult>
    <UnitTestResult executionId="1a7659a8-d47f-4f73-843e-eb5aa2dab36a" testId="f02b29eb-e632-3520-81e3-e7b795f31e46" testName="UsageExample_Text" computerName="INZ09PC016" duration="00:00:00.0007397" startTime="2009-05-11T15:03:30.6868400+12:00" endTime="2009-05-11T15:03:30.6868400+12:00" testType="13cdc9d9-ddb5-4fa4-a97d-d965ccfc6d4b" outcome="Passed" testListId="8c84fa94-04c1-424b-9868-57a2d4851a1d">
      <Output>
      </Output>
    </UnitTestResult>
    <UnitTestResult executionId="dd1a97f6-7e13-461b-91a2-4b67bc701a77" testId="a54def80-f22f-80f0-58ab-307977b2c8f0" testName="UsageExample_PreCalcApplicationParameter" computerName="INZ09PC016" duration="00:00:00.0009189" startTime="2009-05-11T15:03:30.6868400+12:00" endTime="2009-05-11T15:03:30.6868400+12:00" testType="13cdc9d9-ddb5-4fa4-a97d-d965ccfc6d4b" outcome="Passed" testListId="8c84fa94-04c1-424b-9868-57a2d4851a1d">
      <Output>
        <DebugTrace>#{|every day}
</DebugTrace>
      </Output>
    </UnitTestResult>
    <UnitTestResult executionId="c0c14475-eeea-4e86-89b4-036dda9599e5" testId="54a445f0-3491-f747-af69-a4f642bda2a3" testName="ResolvingGuids" computerName="INZ09PC016" duration="00:00:00.0025295" startTime="2009-05-11T15:03:30.7024651+12:00" endTime="2009-05-11T15:03:30.7024651+12:00" testType="13cdc9d9-ddb5-4fa4-a97d-d965ccfc6d4b" outcome="Passed" testListId="8c84fa94-04c1-424b-9868-57a2d4851a1d">
      <Output>
        <DebugTrace>#{by value|This is by reference: Third level}
</DebugTrace>
      </Output>
    </UnitTestResult>
    <UnitTestResult executionId="b479b941-d7fa-481c-9669-4bd394af157d" testId="338c5d75-7a55-9d61-9454-4c6230f3bd13" testName="TestColors" computerName="INZ09PC016" duration="00:00:00.0010278" startTime="2009-05-11T15:03:30.7024651+12:00" endTime="2009-05-11T15:03:30.7024651+12:00" testType="13cdc9d9-ddb5-4fa4-a97d-d965ccfc6d4b" outcome="Passed" testListId="8c84fa94-04c1-424b-9868-57a2d4851a1d">
      <Output>
      </Output>
    </UnitTestResult>
    <UnitTestResult executionId="e978b2d4-f684-4a4c-b9be-f96567d438ba" testId="642fef7b-1ed4-a43c-87e4-90ad275f0921" testName="TestWrappers" computerName="INZ09PC016" duration="00:00:00.0023422" startTime="2009-05-11T15:03:30.7180902+12:00" endTime="2009-05-11T15:03:30.7180902+12:00" testType="13cdc9d9-ddb5-4fa4-a97d-d965ccfc6d4b" outcome="Passed" testListId="8c84fa94-04c1-424b-9868-57a2d4851a1d">
      <Output>
      </Output>
    </UnitTestResult>
  </Results>
</TestRun>